Determining if the pthread_create exist failed with the following output:
Change Dir: /home/jpce/Projects/krakenapi/CMakeFiles/CMakeTmp

Run Build Command:"/usr/bin/gmake" "cmTC_b26d1/fast"
gmake[1]: Entering directory '/home/jpce/Projects/krakenapi/CMakeFiles/CMakeTmp'
/usr/bin/gmake -f CMakeFiles/cmTC_b26d1.dir/build.make CMakeFiles/cmTC_b26d1.dir/build
gmake[2]: Entering directory '/home/jpce/Projects/krakenapi/CMakeFiles/CMakeTmp'
Building C object CMakeFiles/cmTC_b26d1.dir/CheckSymbolExists.c.o
/usr/bin/cc    -o CMakeFiles/cmTC_b26d1.dir/CheckSymbolExists.c.o   -c /home/jpce/Projects/krakenapi/CMakeFiles/CMakeTmp/CheckSymbolExists.c
Linking C executable cmTC_b26d1
/usr/bin/cmake -E cmake_link_script CMakeFiles/cmTC_b26d1.dir/link.txt --verbose=1
/usr/bin/cc      -rdynamic CMakeFiles/cmTC_b26d1.dir/CheckSymbolExists.c.o  -o cmTC_b26d1 
CMakeFiles/cmTC_b26d1.dir/CheckSymbolExists.c.o: In function `main':
CheckSymbolExists.c:(.text+0x16): undefined reference to `pthread_create'
collect2: error: ld returned 1 exit status
gmake[2]: *** [CMakeFiles/cmTC_b26d1.dir/build.make:87: cmTC_b26d1] Error 1
gmake[2]: Leaving directory '/home/jpce/Projects/krakenapi/CMakeFiles/CMakeTmp'
gmake[1]: *** [Makefile:126: cmTC_b26d1/fast] Error 2
gmake[1]: Leaving directory '/home/jpce/Projects/krakenapi/CMakeFiles/CMakeTmp'

File /home/jpce/Projects/krakenapi/CMakeFiles/CMakeTmp/CheckSymbolExists.c:
/* */
#include <pthread.h>

int main(int argc, char** argv)
{
  (void)argv;
#ifndef pthread_create
  return ((int*)(&pthread_create))[argc];
#else
  (void)argc;
  return 0;
#endif
}

Determining if the function pthread_create exists in the pthreads failed with the following output:
Change Dir: /home/jpce/Projects/krakenapi/CMakeFiles/CMakeTmp

Run Build Command:"/usr/bin/gmake" "cmTC_0b289/fast"
gmake[1]: Entering directory '/home/jpce/Projects/krakenapi/CMakeFiles/CMakeTmp'
/usr/bin/gmake -f CMakeFiles/cmTC_0b289.dir/build.make CMakeFiles/cmTC_0b289.dir/build
gmake[2]: Entering directory '/home/jpce/Projects/krakenapi/CMakeFiles/CMakeTmp'
Building C object CMakeFiles/cmTC_0b289.dir/CheckFunctionExists.c.o
/usr/bin/cc   -DCHECK_FUNCTION_EXISTS=pthread_create   -o CMakeFiles/cmTC_0b289.dir/CheckFunctionExists.c.o   -c /usr/share/cmake-3.11/Modules/CheckFunctionExists.c
Linking C executable cmTC_0b289
/usr/bin/cmake -E cmake_link_script CMakeFiles/cmTC_0b289.dir/link.txt --verbose=1
/usr/bin/cc  -DCHECK_FUNCTION_EXISTS=pthread_create    -rdynamic CMakeFiles/cmTC_0b289.dir/CheckFunctionExists.c.o  -o cmTC_0b289 -lpthreads 
/usr/bin/ld: cannot find -lpthreads
collect2: error: ld returned 1 exit status
gmake[2]: *** [CMakeFiles/cmTC_0b289.dir/build.make:87: cmTC_0b289] Error 1
gmake[2]: Leaving directory '/home/jpce/Projects/krakenapi/CMakeFiles/CMakeTmp'
gmake[1]: *** [Makefile:126: cmTC_0b289/fast] Error 2
gmake[1]: Leaving directory '/home/jpce/Projects/krakenapi/CMakeFiles/CMakeTmp'


