The system is: Linux - 4.14.37 - x86_64
Compiling the C compiler identification source file "CMakeCCompilerId.c" succeeded.
Compiler: /usr/bin/cc 
Build flags: 
Id flags:  

The output was:
0


Compilation of the C compiler identification source "CMakeCCompilerId.c" produced "a.out"

The C compiler identification is GNU, found in "/home/jpce/Projects/krakenapi/CMakeFiles/3.11.1/CompilerIdC/a.out"

Compiling the CXX compiler identification source file "CMakeCXXCompilerId.cpp" succeeded.
Compiler: /usr/bin/c++ 
Build flags: 
Id flags:  

The output was:
0


Compilation of the CXX compiler identification source "CMakeCXXCompilerId.cpp" produced "a.out"

The CXX compiler identification is GNU, found in "/home/jpce/Projects/krakenapi/CMakeFiles/3.11.1/CompilerIdCXX/a.out"

Determining if the C compiler works passed with the following output:
Change Dir: /home/jpce/Projects/krakenapi/CMakeFiles/CMakeTmp

Run Build Command:"/usr/bin/gmake" "cmTC_722bd/fast"
/usr/bin/gmake -f CMakeFiles/cmTC_722bd.dir/build.make CMakeFiles/cmTC_722bd.dir/build
gmake[1]: Entering directory '/home/jpce/Projects/krakenapi/CMakeFiles/CMakeTmp'
Building C object CMakeFiles/cmTC_722bd.dir/testCCompiler.c.o
/usr/bin/cc    -o CMakeFiles/cmTC_722bd.dir/testCCompiler.c.o   -c /home/jpce/Projects/krakenapi/CMakeFiles/CMakeTmp/testCCompiler.c
Linking C executable cmTC_722bd
/usr/bin/cmake -E cmake_link_script CMakeFiles/cmTC_722bd.dir/link.txt --verbose=1
/usr/bin/cc      -rdynamic CMakeFiles/cmTC_722bd.dir/testCCompiler.c.o  -o cmTC_722bd 
gmake[1]: Leaving directory '/home/jpce/Projects/krakenapi/CMakeFiles/CMakeTmp'


Detecting C compiler ABI info compiled with the following output:
Change Dir: /home/jpce/Projects/krakenapi/CMakeFiles/CMakeTmp

Run Build Command:"/usr/bin/gmake" "cmTC_95000/fast"
/usr/bin/gmake -f CMakeFiles/cmTC_95000.dir/build.make CMakeFiles/cmTC_95000.dir/build
gmake[1]: Entering directory '/home/jpce/Projects/krakenapi/CMakeFiles/CMakeTmp'
Building C object CMakeFiles/cmTC_95000.dir/CMakeCCompilerABI.c.o
/usr/bin/cc    -o CMakeFiles/cmTC_95000.dir/CMakeCCompilerABI.c.o   -c /usr/share/cmake-3.11/Modules/CMakeCCompilerABI.c
Linking C executable cmTC_95000
/usr/bin/cmake -E cmake_link_script CMakeFiles/cmTC_95000.dir/link.txt --verbose=1
/usr/bin/cc     -v -rdynamic CMakeFiles/cmTC_95000.dir/CMakeCCompilerABI.c.o  -o cmTC_95000 
Reading specs from /usr/lib64/gcc/x86_64-slackware-linux/7.3.0/specs
COLLECT_GCC=/usr/bin/cc
COLLECT_LTO_WRAPPER=/usr/libexec/gcc/x86_64-slackware-linux/7.3.0/lto-wrapper
Target: x86_64-slackware-linux
Configured with: ../gcc-7.3.0/configure --prefix=/usr --libdir=/usr/lib64 --mandir=/usr/man --infodir=/usr/info --enable-shared --enable-bootstrap --enable-languages=ada,brig,c,c++,fortran,go,lto,objc --enable-threads=posix --enable-checking=release --enable-objc-gc --with-system-zlib --enable-libstdcxx-dual-abi --with-default-libstdcxx-abi=new --disable-libunwind-exceptions --enable-__cxa_atexit --enable-libssp --enable-lto --disable-install-libiberty --with-gnu-ld --verbose --with-arch-directory=amd64 --disable-gtktest --disable-multilib --target=x86_64-slackware-linux --build=x86_64-slackware-linux --host=x86_64-slackware-linux
Thread model: posix
gcc version 7.3.0 (GCC) 
COMPILER_PATH=/usr/libexec/gcc/x86_64-slackware-linux/7.3.0/:/usr/libexec/gcc/x86_64-slackware-linux/7.3.0/:/usr/libexec/gcc/x86_64-slackware-linux/:/usr/lib64/gcc/x86_64-slackware-linux/7.3.0/:/usr/lib64/gcc/x86_64-slackware-linux/:/usr/lib64/gcc/x86_64-slackware-linux/7.3.0/../../../../x86_64-slackware-linux/bin/
LIBRARY_PATH=/usr/lib64/gcc/x86_64-slackware-linux/7.3.0/:/usr/lib64/gcc/x86_64-slackware-linux/7.3.0/../../../../lib64/:/lib/../lib64/:/usr/lib/../lib64/:/usr/lib64/gcc/x86_64-slackware-linux/7.3.0/../../../:/lib/:/usr/lib/
COLLECT_GCC_OPTIONS='-v' '-rdynamic' '-o' 'cmTC_95000' '-mtune=generic' '-march=x86-64'
 /usr/libexec/gcc/x86_64-slackware-linux/7.3.0/collect2 -plugin /usr/libexec/gcc/x86_64-slackware-linux/7.3.0/liblto_plugin.so -plugin-opt=/usr/libexec/gcc/x86_64-slackware-linux/7.3.0/lto-wrapper -plugin-opt=-fresolution=/tmp/cc7hadj6.res -plugin-opt=-pass-through=-lgcc -plugin-opt=-pass-through=-lgcc_s -plugin-opt=-pass-through=-lc -plugin-opt=-pass-through=-lgcc -plugin-opt=-pass-through=-lgcc_s --eh-frame-hdr -m elf_x86_64 -export-dynamic -dynamic-linker /lib64/ld-linux-x86-64.so.2 -o cmTC_95000 /usr/lib64/gcc/x86_64-slackware-linux/7.3.0/../../../../lib64/crt1.o /usr/lib64/gcc/x86_64-slackware-linux/7.3.0/../../../../lib64/crti.o /usr/lib64/gcc/x86_64-slackware-linux/7.3.0/crtbegin.o -L/usr/lib64/gcc/x86_64-slackware-linux/7.3.0 -L/usr/lib64/gcc/x86_64-slackware-linux/7.3.0/../../../../lib64 -L/lib/../lib64 -L/usr/lib/../lib64 -L/usr/lib64/gcc/x86_64-slackware-linux/7.3.0/../../.. CMakeFiles/cmTC_95000.dir/CMakeCCompilerABI.c.o -lgcc --as-needed -lgcc_s --no-as-needed -lc -lgcc --as-needed -lgcc_s --no-as-needed /usr/lib64/gcc/x86_64-slackware-linux/7.3.0/crtend.o /usr/lib64/gcc/x86_64-slackware-linux/7.3.0/../../../../lib64/crtn.o
COLLECT_GCC_OPTIONS='-v' '-rdynamic' '-o' 'cmTC_95000' '-mtune=generic' '-march=x86-64'
gmake[1]: Leaving directory '/home/jpce/Projects/krakenapi/CMakeFiles/CMakeTmp'


Parsed C implicit link information from above output:
  link line regex: [^( *|.*[/\])(ld|CMAKE_LINK_STARTFILE-NOTFOUND|([^/\]+-)?ld|collect2)[^/\]*( |$)]
  ignore line: [Change Dir: /home/jpce/Projects/krakenapi/CMakeFiles/CMakeTmp]
  ignore line: []
  ignore line: [Run Build Command:"/usr/bin/gmake" "cmTC_95000/fast"]
  ignore line: [/usr/bin/gmake -f CMakeFiles/cmTC_95000.dir/build.make CMakeFiles/cmTC_95000.dir/build]
  ignore line: [gmake[1]: Entering directory '/home/jpce/Projects/krakenapi/CMakeFiles/CMakeTmp']
  ignore line: [Building C object CMakeFiles/cmTC_95000.dir/CMakeCCompilerABI.c.o]
  ignore line: [/usr/bin/cc    -o CMakeFiles/cmTC_95000.dir/CMakeCCompilerABI.c.o   -c /usr/share/cmake-3.11/Modules/CMakeCCompilerABI.c]
  ignore line: [Linking C executable cmTC_95000]
  ignore line: [/usr/bin/cmake -E cmake_link_script CMakeFiles/cmTC_95000.dir/link.txt --verbose=1]
  ignore line: [/usr/bin/cc     -v -rdynamic CMakeFiles/cmTC_95000.dir/CMakeCCompilerABI.c.o  -o cmTC_95000 ]
  ignore line: [Reading specs from /usr/lib64/gcc/x86_64-slackware-linux/7.3.0/specs]
  ignore line: [COLLECT_GCC=/usr/bin/cc]
  ignore line: [COLLECT_LTO_WRAPPER=/usr/libexec/gcc/x86_64-slackware-linux/7.3.0/lto-wrapper]
  ignore line: [Target: x86_64-slackware-linux]
  ignore line: [Configured with: ../gcc-7.3.0/configure --prefix=/usr --libdir=/usr/lib64 --mandir=/usr/man --infodir=/usr/info --enable-shared --enable-bootstrap --enable-languages=ada,brig,c,c++,fortran,go,lto,objc --enable-threads=posix --enable-checking=release --enable-objc-gc --with-system-zlib --enable-libstdcxx-dual-abi --with-default-libstdcxx-abi=new --disable-libunwind-exceptions --enable-__cxa_atexit --enable-libssp --enable-lto --disable-install-libiberty --with-gnu-ld --verbose --with-arch-directory=amd64 --disable-gtktest --disable-multilib --target=x86_64-slackware-linux --build=x86_64-slackware-linux --host=x86_64-slackware-linux]
  ignore line: [Thread model: posix]
  ignore line: [gcc version 7.3.0 (GCC) ]
  ignore line: [COMPILER_PATH=/usr/libexec/gcc/x86_64-slackware-linux/7.3.0/:/usr/libexec/gcc/x86_64-slackware-linux/7.3.0/:/usr/libexec/gcc/x86_64-slackware-linux/:/usr/lib64/gcc/x86_64-slackware-linux/7.3.0/:/usr/lib64/gcc/x86_64-slackware-linux/:/usr/lib64/gcc/x86_64-slackware-linux/7.3.0/../../../../x86_64-slackware-linux/bin/]
  ignore line: [LIBRARY_PATH=/usr/lib64/gcc/x86_64-slackware-linux/7.3.0/:/usr/lib64/gcc/x86_64-slackware-linux/7.3.0/../../../../lib64/:/lib/../lib64/:/usr/lib/../lib64/:/usr/lib64/gcc/x86_64-slackware-linux/7.3.0/../../../:/lib/:/usr/lib/]
  ignore line: [COLLECT_GCC_OPTIONS='-v' '-rdynamic' '-o' 'cmTC_95000' '-mtune=generic' '-march=x86-64']
  link line: [ /usr/libexec/gcc/x86_64-slackware-linux/7.3.0/collect2 -plugin /usr/libexec/gcc/x86_64-slackware-linux/7.3.0/liblto_plugin.so -plugin-opt=/usr/libexec/gcc/x86_64-slackware-linux/7.3.0/lto-wrapper -plugin-opt=-fresolution=/tmp/cc7hadj6.res -plugin-opt=-pass-through=-lgcc -plugin-opt=-pass-through=-lgcc_s -plugin-opt=-pass-through=-lc -plugin-opt=-pass-through=-lgcc -plugin-opt=-pass-through=-lgcc_s --eh-frame-hdr -m elf_x86_64 -export-dynamic -dynamic-linker /lib64/ld-linux-x86-64.so.2 -o cmTC_95000 /usr/lib64/gcc/x86_64-slackware-linux/7.3.0/../../../../lib64/crt1.o /usr/lib64/gcc/x86_64-slackware-linux/7.3.0/../../../../lib64/crti.o /usr/lib64/gcc/x86_64-slackware-linux/7.3.0/crtbegin.o -L/usr/lib64/gcc/x86_64-slackware-linux/7.3.0 -L/usr/lib64/gcc/x86_64-slackware-linux/7.3.0/../../../../lib64 -L/lib/../lib64 -L/usr/lib/../lib64 -L/usr/lib64/gcc/x86_64-slackware-linux/7.3.0/../../.. CMakeFiles/cmTC_95000.dir/CMakeCCompilerABI.c.o -lgcc --as-needed -lgcc_s --no-as-needed -lc -lgcc --as-needed -lgcc_s --no-as-needed /usr/lib64/gcc/x86_64-slackware-linux/7.3.0/crtend.o /usr/lib64/gcc/x86_64-slackware-linux/7.3.0/../../../../lib64/crtn.o]
    arg [/usr/libexec/gcc/x86_64-slackware-linux/7.3.0/collect2] ==> ignore
    arg [-plugin] ==> ignore
    arg [/usr/libexec/gcc/x86_64-slackware-linux/7.3.0/liblto_plugin.so] ==> ignore
    arg [-plugin-opt=/usr/libexec/gcc/x86_64-slackware-linux/7.3.0/lto-wrapper] ==> ignore
    arg [-plugin-opt=-fresolution=/tmp/cc7hadj6.res] ==> ignore
    arg [-plugin-opt=-pass-through=-lgcc] ==> ignore
    arg [-plugin-opt=-pass-through=-lgcc_s] ==> ignore
    arg [-plugin-opt=-pass-through=-lc] ==> ignore
    arg [-plugin-opt=-pass-through=-lgcc] ==> ignore
    arg [-plugin-opt=-pass-through=-lgcc_s] ==> ignore
    arg [--eh-frame-hdr] ==> ignore
    arg [-m] ==> ignore
    arg [elf_x86_64] ==> ignore
    arg [-export-dynamic] ==> ignore
    arg [-dynamic-linker] ==> ignore
    arg [/lib64/ld-linux-x86-64.so.2] ==> ignore
    arg [-o] ==> ignore
    arg [cmTC_95000] ==> ignore
    arg [/usr/lib64/gcc/x86_64-slackware-linux/7.3.0/../../../../lib64/crt1.o] ==> ignore
    arg [/usr/lib64/gcc/x86_64-slackware-linux/7.3.0/../../../../lib64/crti.o] ==> ignore
    arg [/usr/lib64/gcc/x86_64-slackware-linux/7.3.0/crtbegin.o] ==> ignore
    arg [-L/usr/lib64/gcc/x86_64-slackware-linux/7.3.0] ==> dir [/usr/lib64/gcc/x86_64-slackware-linux/7.3.0]
    arg [-L/usr/lib64/gcc/x86_64-slackware-linux/7.3.0/../../../../lib64] ==> dir [/usr/lib64/gcc/x86_64-slackware-linux/7.3.0/../../../../lib64]
    arg [-L/lib/../lib64] ==> dir [/lib/../lib64]
    arg [-L/usr/lib/../lib64] ==> dir [/usr/lib/../lib64]
    arg [-L/usr/lib64/gcc/x86_64-slackware-linux/7.3.0/../../..] ==> dir [/usr/lib64/gcc/x86_64-slackware-linux/7.3.0/../../..]
    arg [CMakeFiles/cmTC_95000.dir/CMakeCCompilerABI.c.o] ==> ignore
    arg [-lgcc] ==> lib [gcc]
    arg [--as-needed] ==> ignore
    arg [-lgcc_s] ==> lib [gcc_s]
    arg [--no-as-needed] ==> ignore
    arg [-lc] ==> lib [c]
    arg [-lgcc] ==> lib [gcc]
    arg [--as-needed] ==> ignore
    arg [-lgcc_s] ==> lib [gcc_s]
    arg [--no-as-needed] ==> ignore
    arg [/usr/lib64/gcc/x86_64-slackware-linux/7.3.0/crtend.o] ==> ignore
    arg [/usr/lib64/gcc/x86_64-slackware-linux/7.3.0/../../../../lib64/crtn.o] ==> ignore
  collapse library dir [/usr/lib64/gcc/x86_64-slackware-linux/7.3.0] ==> [/usr/lib64/gcc/x86_64-slackware-linux/7.3.0]
  collapse library dir [/usr/lib64/gcc/x86_64-slackware-linux/7.3.0/../../../../lib64] ==> [/usr/lib64]
  collapse library dir [/lib/../lib64] ==> [/lib64]
  collapse library dir [/usr/lib/../lib64] ==> [/usr/lib64]
  collapse library dir [/usr/lib64/gcc/x86_64-slackware-linux/7.3.0/../../..] ==> [/usr/lib64]
  implicit libs: [gcc;gcc_s;c;gcc;gcc_s]
  implicit dirs: [/usr/lib64/gcc/x86_64-slackware-linux/7.3.0;/usr/lib64;/lib64]
  implicit fwks: []




Detecting C [-std=c11] compiler features compiled with the following output:
Change Dir: /home/jpce/Projects/krakenapi/CMakeFiles/CMakeTmp

Run Build Command:"/usr/bin/gmake" "cmTC_fb958/fast"
/usr/bin/gmake -f CMakeFiles/cmTC_fb958.dir/build.make CMakeFiles/cmTC_fb958.dir/build
gmake[1]: Entering directory '/home/jpce/Projects/krakenapi/CMakeFiles/CMakeTmp'
Building C object CMakeFiles/cmTC_fb958.dir/feature_tests.c.o
/usr/bin/cc   -std=c11 -o CMakeFiles/cmTC_fb958.dir/feature_tests.c.o   -c /home/jpce/Projects/krakenapi/CMakeFiles/feature_tests.c
Linking C executable cmTC_fb958
/usr/bin/cmake -E cmake_link_script CMakeFiles/cmTC_fb958.dir/link.txt --verbose=1
/usr/bin/cc      -rdynamic CMakeFiles/cmTC_fb958.dir/feature_tests.c.o  -o cmTC_fb958 
gmake[1]: Leaving directory '/home/jpce/Projects/krakenapi/CMakeFiles/CMakeTmp'


    Feature record: C_FEATURE:1c_function_prototypes
    Feature record: C_FEATURE:1c_restrict
    Feature record: C_FEATURE:1c_static_assert
    Feature record: C_FEATURE:1c_variadic_macros


Detecting C [-std=c99] compiler features compiled with the following output:
Change Dir: /home/jpce/Projects/krakenapi/CMakeFiles/CMakeTmp

Run Build Command:"/usr/bin/gmake" "cmTC_0d7e1/fast"
/usr/bin/gmake -f CMakeFiles/cmTC_0d7e1.dir/build.make CMakeFiles/cmTC_0d7e1.dir/build
gmake[1]: Entering directory '/home/jpce/Projects/krakenapi/CMakeFiles/CMakeTmp'
Building C object CMakeFiles/cmTC_0d7e1.dir/feature_tests.c.o
/usr/bin/cc   -std=c99 -o CMakeFiles/cmTC_0d7e1.dir/feature_tests.c.o   -c /home/jpce/Projects/krakenapi/CMakeFiles/feature_tests.c
Linking C executable cmTC_0d7e1
/usr/bin/cmake -E cmake_link_script CMakeFiles/cmTC_0d7e1.dir/link.txt --verbose=1
/usr/bin/cc      -rdynamic CMakeFiles/cmTC_0d7e1.dir/feature_tests.c.o  -o cmTC_0d7e1 
gmake[1]: Leaving directory '/home/jpce/Projects/krakenapi/CMakeFiles/CMakeTmp'


    Feature record: C_FEATURE:1c_function_prototypes
    Feature record: C_FEATURE:1c_restrict
    Feature record: C_FEATURE:0c_static_assert
    Feature record: C_FEATURE:1c_variadic_macros


Detecting C [-std=c90] compiler features compiled with the following output:
Change Dir: /home/jpce/Projects/krakenapi/CMakeFiles/CMakeTmp

Run Build Command:"/usr/bin/gmake" "cmTC_cfc70/fast"
/usr/bin/gmake -f CMakeFiles/cmTC_cfc70.dir/build.make CMakeFiles/cmTC_cfc70.dir/build
gmake[1]: Entering directory '/home/jpce/Projects/krakenapi/CMakeFiles/CMakeTmp'
Building C object CMakeFiles/cmTC_cfc70.dir/feature_tests.c.o
/usr/bin/cc   -std=c90 -o CMakeFiles/cmTC_cfc70.dir/feature_tests.c.o   -c /home/jpce/Projects/krakenapi/CMakeFiles/feature_tests.c
Linking C executable cmTC_cfc70
/usr/bin/cmake -E cmake_link_script CMakeFiles/cmTC_cfc70.dir/link.txt --verbose=1
/usr/bin/cc      -rdynamic CMakeFiles/cmTC_cfc70.dir/feature_tests.c.o  -o cmTC_cfc70 
gmake[1]: Leaving directory '/home/jpce/Projects/krakenapi/CMakeFiles/CMakeTmp'


    Feature record: C_FEATURE:1c_function_prototypes
    Feature record: C_FEATURE:0c_restrict
    Feature record: C_FEATURE:0c_static_assert
    Feature record: C_FEATURE:0c_variadic_macros
Determining if the CXX compiler works passed with the following output:
Change Dir: /home/jpce/Projects/krakenapi/CMakeFiles/CMakeTmp

Run Build Command:"/usr/bin/gmake" "cmTC_c4654/fast"
/usr/bin/gmake -f CMakeFiles/cmTC_c4654.dir/build.make CMakeFiles/cmTC_c4654.dir/build
gmake[1]: Entering directory '/home/jpce/Projects/krakenapi/CMakeFiles/CMakeTmp'
Building CXX object CMakeFiles/cmTC_c4654.dir/testCXXCompiler.cxx.o
/usr/bin/c++     -o CMakeFiles/cmTC_c4654.dir/testCXXCompiler.cxx.o -c /home/jpce/Projects/krakenapi/CMakeFiles/CMakeTmp/testCXXCompiler.cxx
Linking CXX executable cmTC_c4654
/usr/bin/cmake -E cmake_link_script CMakeFiles/cmTC_c4654.dir/link.txt --verbose=1
/usr/bin/c++       -rdynamic CMakeFiles/cmTC_c4654.dir/testCXXCompiler.cxx.o  -o cmTC_c4654 
gmake[1]: Leaving directory '/home/jpce/Projects/krakenapi/CMakeFiles/CMakeTmp'


Detecting CXX compiler ABI info compiled with the following output:
Change Dir: /home/jpce/Projects/krakenapi/CMakeFiles/CMakeTmp

Run Build Command:"/usr/bin/gmake" "cmTC_9e78e/fast"
/usr/bin/gmake -f CMakeFiles/cmTC_9e78e.dir/build.make CMakeFiles/cmTC_9e78e.dir/build
gmake[1]: Entering directory '/home/jpce/Projects/krakenapi/CMakeFiles/CMakeTmp'
Building CXX object CMakeFiles/cmTC_9e78e.dir/CMakeCXXCompilerABI.cpp.o
/usr/bin/c++     -o CMakeFiles/cmTC_9e78e.dir/CMakeCXXCompilerABI.cpp.o -c /usr/share/cmake-3.11/Modules/CMakeCXXCompilerABI.cpp
Linking CXX executable cmTC_9e78e
/usr/bin/cmake -E cmake_link_script CMakeFiles/cmTC_9e78e.dir/link.txt --verbose=1
/usr/bin/c++      -v -rdynamic CMakeFiles/cmTC_9e78e.dir/CMakeCXXCompilerABI.cpp.o  -o cmTC_9e78e 
Reading specs from /usr/lib64/gcc/x86_64-slackware-linux/7.3.0/specs
COLLECT_GCC=/usr/bin/c++
COLLECT_LTO_WRAPPER=/usr/libexec/gcc/x86_64-slackware-linux/7.3.0/lto-wrapper
Target: x86_64-slackware-linux
Configured with: ../gcc-7.3.0/configure --prefix=/usr --libdir=/usr/lib64 --mandir=/usr/man --infodir=/usr/info --enable-shared --enable-bootstrap --enable-languages=ada,brig,c,c++,fortran,go,lto,objc --enable-threads=posix --enable-checking=release --enable-objc-gc --with-system-zlib --enable-libstdcxx-dual-abi --with-default-libstdcxx-abi=new --disable-libunwind-exceptions --enable-__cxa_atexit --enable-libssp --enable-lto --disable-install-libiberty --with-gnu-ld --verbose --with-arch-directory=amd64 --disable-gtktest --disable-multilib --target=x86_64-slackware-linux --build=x86_64-slackware-linux --host=x86_64-slackware-linux
Thread model: posix
gcc version 7.3.0 (GCC) 
COMPILER_PATH=/usr/libexec/gcc/x86_64-slackware-linux/7.3.0/:/usr/libexec/gcc/x86_64-slackware-linux/7.3.0/:/usr/libexec/gcc/x86_64-slackware-linux/:/usr/lib64/gcc/x86_64-slackware-linux/7.3.0/:/usr/lib64/gcc/x86_64-slackware-linux/:/usr/lib64/gcc/x86_64-slackware-linux/7.3.0/../../../../x86_64-slackware-linux/bin/
LIBRARY_PATH=/usr/lib64/gcc/x86_64-slackware-linux/7.3.0/:/usr/lib64/gcc/x86_64-slackware-linux/7.3.0/../../../../lib64/:/lib/../lib64/:/usr/lib/../lib64/:/usr/lib64/gcc/x86_64-slackware-linux/7.3.0/../../../:/lib/:/usr/lib/
COLLECT_GCC_OPTIONS='-v' '-rdynamic' '-o' 'cmTC_9e78e' '-shared-libgcc' '-mtune=generic' '-march=x86-64'
 /usr/libexec/gcc/x86_64-slackware-linux/7.3.0/collect2 -plugin /usr/libexec/gcc/x86_64-slackware-linux/7.3.0/liblto_plugin.so -plugin-opt=/usr/libexec/gcc/x86_64-slackware-linux/7.3.0/lto-wrapper -plugin-opt=-fresolution=/tmp/ccJaypRB.res -plugin-opt=-pass-through=-lgcc_s -plugin-opt=-pass-through=-lgcc -plugin-opt=-pass-through=-lc -plugin-opt=-pass-through=-lgcc_s -plugin-opt=-pass-through=-lgcc --eh-frame-hdr -m elf_x86_64 -export-dynamic -dynamic-linker /lib64/ld-linux-x86-64.so.2 -o cmTC_9e78e /usr/lib64/gcc/x86_64-slackware-linux/7.3.0/../../../../lib64/crt1.o /usr/lib64/gcc/x86_64-slackware-linux/7.3.0/../../../../lib64/crti.o /usr/lib64/gcc/x86_64-slackware-linux/7.3.0/crtbegin.o -L/usr/lib64/gcc/x86_64-slackware-linux/7.3.0 -L/usr/lib64/gcc/x86_64-slackware-linux/7.3.0/../../../../lib64 -L/lib/../lib64 -L/usr/lib/../lib64 -L/usr/lib64/gcc/x86_64-slackware-linux/7.3.0/../../.. CMakeFiles/cmTC_9e78e.dir/CMakeCXXCompilerABI.cpp.o -lstdc++ -lm -lgcc_s -lgcc -lc -lgcc_s -lgcc /usr/lib64/gcc/x86_64-slackware-linux/7.3.0/crtend.o /usr/lib64/gcc/x86_64-slackware-linux/7.3.0/../../../../lib64/crtn.o
COLLECT_GCC_OPTIONS='-v' '-rdynamic' '-o' 'cmTC_9e78e' '-shared-libgcc' '-mtune=generic' '-march=x86-64'
gmake[1]: Leaving directory '/home/jpce/Projects/krakenapi/CMakeFiles/CMakeTmp'


Parsed CXX implicit link information from above output:
  link line regex: [^( *|.*[/\])(ld|CMAKE_LINK_STARTFILE-NOTFOUND|([^/\]+-)?ld|collect2)[^/\]*( |$)]
  ignore line: [Change Dir: /home/jpce/Projects/krakenapi/CMakeFiles/CMakeTmp]
  ignore line: []
  ignore line: [Run Build Command:"/usr/bin/gmake" "cmTC_9e78e/fast"]
  ignore line: [/usr/bin/gmake -f CMakeFiles/cmTC_9e78e.dir/build.make CMakeFiles/cmTC_9e78e.dir/build]
  ignore line: [gmake[1]: Entering directory '/home/jpce/Projects/krakenapi/CMakeFiles/CMakeTmp']
  ignore line: [Building CXX object CMakeFiles/cmTC_9e78e.dir/CMakeCXXCompilerABI.cpp.o]
  ignore line: [/usr/bin/c++     -o CMakeFiles/cmTC_9e78e.dir/CMakeCXXCompilerABI.cpp.o -c /usr/share/cmake-3.11/Modules/CMakeCXXCompilerABI.cpp]
  ignore line: [Linking CXX executable cmTC_9e78e]
  ignore line: [/usr/bin/cmake -E cmake_link_script CMakeFiles/cmTC_9e78e.dir/link.txt --verbose=1]
  ignore line: [/usr/bin/c++      -v -rdynamic CMakeFiles/cmTC_9e78e.dir/CMakeCXXCompilerABI.cpp.o  -o cmTC_9e78e ]
  ignore line: [Reading specs from /usr/lib64/gcc/x86_64-slackware-linux/7.3.0/specs]
  ignore line: [COLLECT_GCC=/usr/bin/c++]
  ignore line: [COLLECT_LTO_WRAPPER=/usr/libexec/gcc/x86_64-slackware-linux/7.3.0/lto-wrapper]
  ignore line: [Target: x86_64-slackware-linux]
  ignore line: [Configured with: ../gcc-7.3.0/configure --prefix=/usr --libdir=/usr/lib64 --mandir=/usr/man --infodir=/usr/info --enable-shared --enable-bootstrap --enable-languages=ada,brig,c,c++,fortran,go,lto,objc --enable-threads=posix --enable-checking=release --enable-objc-gc --with-system-zlib --enable-libstdcxx-dual-abi --with-default-libstdcxx-abi=new --disable-libunwind-exceptions --enable-__cxa_atexit --enable-libssp --enable-lto --disable-install-libiberty --with-gnu-ld --verbose --with-arch-directory=amd64 --disable-gtktest --disable-multilib --target=x86_64-slackware-linux --build=x86_64-slackware-linux --host=x86_64-slackware-linux]
  ignore line: [Thread model: posix]
  ignore line: [gcc version 7.3.0 (GCC) ]
  ignore line: [COMPILER_PATH=/usr/libexec/gcc/x86_64-slackware-linux/7.3.0/:/usr/libexec/gcc/x86_64-slackware-linux/7.3.0/:/usr/libexec/gcc/x86_64-slackware-linux/:/usr/lib64/gcc/x86_64-slackware-linux/7.3.0/:/usr/lib64/gcc/x86_64-slackware-linux/:/usr/lib64/gcc/x86_64-slackware-linux/7.3.0/../../../../x86_64-slackware-linux/bin/]
  ignore line: [LIBRARY_PATH=/usr/lib64/gcc/x86_64-slackware-linux/7.3.0/:/usr/lib64/gcc/x86_64-slackware-linux/7.3.0/../../../../lib64/:/lib/../lib64/:/usr/lib/../lib64/:/usr/lib64/gcc/x86_64-slackware-linux/7.3.0/../../../:/lib/:/usr/lib/]
  ignore line: [COLLECT_GCC_OPTIONS='-v' '-rdynamic' '-o' 'cmTC_9e78e' '-shared-libgcc' '-mtune=generic' '-march=x86-64']
  link line: [ /usr/libexec/gcc/x86_64-slackware-linux/7.3.0/collect2 -plugin /usr/libexec/gcc/x86_64-slackware-linux/7.3.0/liblto_plugin.so -plugin-opt=/usr/libexec/gcc/x86_64-slackware-linux/7.3.0/lto-wrapper -plugin-opt=-fresolution=/tmp/ccJaypRB.res -plugin-opt=-pass-through=-lgcc_s -plugin-opt=-pass-through=-lgcc -plugin-opt=-pass-through=-lc -plugin-opt=-pass-through=-lgcc_s -plugin-opt=-pass-through=-lgcc --eh-frame-hdr -m elf_x86_64 -export-dynamic -dynamic-linker /lib64/ld-linux-x86-64.so.2 -o cmTC_9e78e /usr/lib64/gcc/x86_64-slackware-linux/7.3.0/../../../../lib64/crt1.o /usr/lib64/gcc/x86_64-slackware-linux/7.3.0/../../../../lib64/crti.o /usr/lib64/gcc/x86_64-slackware-linux/7.3.0/crtbegin.o -L/usr/lib64/gcc/x86_64-slackware-linux/7.3.0 -L/usr/lib64/gcc/x86_64-slackware-linux/7.3.0/../../../../lib64 -L/lib/../lib64 -L/usr/lib/../lib64 -L/usr/lib64/gcc/x86_64-slackware-linux/7.3.0/../../.. CMakeFiles/cmTC_9e78e.dir/CMakeCXXCompilerABI.cpp.o -lstdc++ -lm -lgcc_s -lgcc -lc -lgcc_s -lgcc /usr/lib64/gcc/x86_64-slackware-linux/7.3.0/crtend.o /usr/lib64/gcc/x86_64-slackware-linux/7.3.0/../../../../lib64/crtn.o]
    arg [/usr/libexec/gcc/x86_64-slackware-linux/7.3.0/collect2] ==> ignore
    arg [-plugin] ==> ignore
    arg [/usr/libexec/gcc/x86_64-slackware-linux/7.3.0/liblto_plugin.so] ==> ignore
    arg [-plugin-opt=/usr/libexec/gcc/x86_64-slackware-linux/7.3.0/lto-wrapper] ==> ignore
    arg [-plugin-opt=-fresolution=/tmp/ccJaypRB.res] ==> ignore
    arg [-plugin-opt=-pass-through=-lgcc_s] ==> ignore
    arg [-plugin-opt=-pass-through=-lgcc] ==> ignore
    arg [-plugin-opt=-pass-through=-lc] ==> ignore
    arg [-plugin-opt=-pass-through=-lgcc_s] ==> ignore
    arg [-plugin-opt=-pass-through=-lgcc] ==> ignore
    arg [--eh-frame-hdr] ==> ignore
    arg [-m] ==> ignore
    arg [elf_x86_64] ==> ignore
    arg [-export-dynamic] ==> ignore
    arg [-dynamic-linker] ==> ignore
    arg [/lib64/ld-linux-x86-64.so.2] ==> ignore
    arg [-o] ==> ignore
    arg [cmTC_9e78e] ==> ignore
    arg [/usr/lib64/gcc/x86_64-slackware-linux/7.3.0/../../../../lib64/crt1.o] ==> ignore
    arg [/usr/lib64/gcc/x86_64-slackware-linux/7.3.0/../../../../lib64/crti.o] ==> ignore
    arg [/usr/lib64/gcc/x86_64-slackware-linux/7.3.0/crtbegin.o] ==> ignore
    arg [-L/usr/lib64/gcc/x86_64-slackware-linux/7.3.0] ==> dir [/usr/lib64/gcc/x86_64-slackware-linux/7.3.0]
    arg [-L/usr/lib64/gcc/x86_64-slackware-linux/7.3.0/../../../../lib64] ==> dir [/usr/lib64/gcc/x86_64-slackware-linux/7.3.0/../../../../lib64]
    arg [-L/lib/../lib64] ==> dir [/lib/../lib64]
    arg [-L/usr/lib/../lib64] ==> dir [/usr/lib/../lib64]
    arg [-L/usr/lib64/gcc/x86_64-slackware-linux/7.3.0/../../..] ==> dir [/usr/lib64/gcc/x86_64-slackware-linux/7.3.0/../../..]
    arg [CMakeFiles/cmTC_9e78e.dir/CMakeCXXCompilerABI.cpp.o] ==> ignore
    arg [-lstdc++] ==> lib [stdc++]
    arg [-lm] ==> lib [m]
    arg [-lgcc_s] ==> lib [gcc_s]
    arg [-lgcc] ==> lib [gcc]
    arg [-lc] ==> lib [c]
    arg [-lgcc_s] ==> lib [gcc_s]
    arg [-lgcc] ==> lib [gcc]
    arg [/usr/lib64/gcc/x86_64-slackware-linux/7.3.0/crtend.o] ==> ignore
    arg [/usr/lib64/gcc/x86_64-slackware-linux/7.3.0/../../../../lib64/crtn.o] ==> ignore
  collapse library dir [/usr/lib64/gcc/x86_64-slackware-linux/7.3.0] ==> [/usr/lib64/gcc/x86_64-slackware-linux/7.3.0]
  collapse library dir [/usr/lib64/gcc/x86_64-slackware-linux/7.3.0/../../../../lib64] ==> [/usr/lib64]
  collapse library dir [/lib/../lib64] ==> [/lib64]
  collapse library dir [/usr/lib/../lib64] ==> [/usr/lib64]
  collapse library dir [/usr/lib64/gcc/x86_64-slackware-linux/7.3.0/../../..] ==> [/usr/lib64]
  implicit libs: [stdc++;m;gcc_s;gcc;c;gcc_s;gcc]
  implicit dirs: [/usr/lib64/gcc/x86_64-slackware-linux/7.3.0;/usr/lib64;/lib64]
  implicit fwks: []




Detecting CXX [-std=c++1z] compiler features compiled with the following output:
Change Dir: /home/jpce/Projects/krakenapi/CMakeFiles/CMakeTmp

Run Build Command:"/usr/bin/gmake" "cmTC_688ce/fast"
/usr/bin/gmake -f CMakeFiles/cmTC_688ce.dir/build.make CMakeFiles/cmTC_688ce.dir/build
gmake[1]: Entering directory '/home/jpce/Projects/krakenapi/CMakeFiles/CMakeTmp'
Building CXX object CMakeFiles/cmTC_688ce.dir/feature_tests.cxx.o
/usr/bin/c++    -std=c++1z -o CMakeFiles/cmTC_688ce.dir/feature_tests.cxx.o -c /home/jpce/Projects/krakenapi/CMakeFiles/feature_tests.cxx
Linking CXX executable cmTC_688ce
/usr/bin/cmake -E cmake_link_script CMakeFiles/cmTC_688ce.dir/link.txt --verbose=1
/usr/bin/c++       -rdynamic CMakeFiles/cmTC_688ce.dir/feature_tests.cxx.o  -o cmTC_688ce 
gmake[1]: Leaving directory '/home/jpce/Projects/krakenapi/CMakeFiles/CMakeTmp'


    Feature record: CXX_FEATURE:1cxx_aggregate_default_initializers
    Feature record: CXX_FEATURE:1cxx_alias_templates
    Feature record: CXX_FEATURE:1cxx_alignas
    Feature record: CXX_FEATURE:1cxx_alignof
    Feature record: CXX_FEATURE:1cxx_attributes
    Feature record: CXX_FEATURE:1cxx_attribute_deprecated
    Feature record: CXX_FEATURE:1cxx_auto_type
    Feature record: CXX_FEATURE:1cxx_binary_literals
    Feature record: CXX_FEATURE:1cxx_constexpr
    Feature record: CXX_FEATURE:1cxx_contextual_conversions
    Feature record: CXX_FEATURE:1cxx_decltype
    Feature record: CXX_FEATURE:1cxx_decltype_auto
    Feature record: CXX_FEATURE:1cxx_decltype_incomplete_return_types
    Feature record: CXX_FEATURE:1cxx_default_function_template_args
    Feature record: CXX_FEATURE:1cxx_defaulted_functions
    Feature record: CXX_FEATURE:1cxx_defaulted_move_initializers
    Feature record: CXX_FEATURE:1cxx_delegating_constructors
    Feature record: CXX_FEATURE:1cxx_deleted_functions
    Feature record: CXX_FEATURE:1cxx_digit_separators
    Feature record: CXX_FEATURE:1cxx_enum_forward_declarations
    Feature record: CXX_FEATURE:1cxx_explicit_conversions
    Feature record: CXX_FEATURE:1cxx_extended_friend_declarations
    Feature record: CXX_FEATURE:1cxx_extern_templates
    Feature record: CXX_FEATURE:1cxx_final
    Feature record: CXX_FEATURE:1cxx_func_identifier
    Feature record: CXX_FEATURE:1cxx_generalized_initializers
    Feature record: CXX_FEATURE:1cxx_generic_lambdas
    Feature record: CXX_FEATURE:1cxx_inheriting_constructors
    Feature record: CXX_FEATURE:1cxx_inline_namespaces
    Feature record: CXX_FEATURE:1cxx_lambdas
    Feature record: CXX_FEATURE:1cxx_lambda_init_captures
    Feature record: CXX_FEATURE:1cxx_local_type_template_args
    Feature record: CXX_FEATURE:1cxx_long_long_type
    Feature record: CXX_FEATURE:1cxx_noexcept
    Feature record: CXX_FEATURE:1cxx_nonstatic_member_init
    Feature record: CXX_FEATURE:1cxx_nullptr
    Feature record: CXX_FEATURE:1cxx_override
    Feature record: CXX_FEATURE:1cxx_range_for
    Feature record: CXX_FEATURE:1cxx_raw_string_literals
    Feature record: CXX_FEATURE:1cxx_reference_qualified_functions
    Feature record: CXX_FEATURE:1cxx_relaxed_constexpr
    Feature record: CXX_FEATURE:1cxx_return_type_deduction
    Feature record: CXX_FEATURE:1cxx_right_angle_brackets
    Feature record: CXX_FEATURE:1cxx_rvalue_references
    Feature record: CXX_FEATURE:1cxx_sizeof_member
    Feature record: CXX_FEATURE:1cxx_static_assert
    Feature record: CXX_FEATURE:1cxx_strong_enums
    Feature record: CXX_FEATURE:1cxx_template_template_parameters
    Feature record: CXX_FEATURE:1cxx_thread_local
    Feature record: CXX_FEATURE:1cxx_trailing_return_types
    Feature record: CXX_FEATURE:1cxx_unicode_literals
    Feature record: CXX_FEATURE:1cxx_uniform_initialization
    Feature record: CXX_FEATURE:1cxx_unrestricted_unions
    Feature record: CXX_FEATURE:1cxx_user_literals
    Feature record: CXX_FEATURE:1cxx_variable_templates
    Feature record: CXX_FEATURE:1cxx_variadic_macros
    Feature record: CXX_FEATURE:1cxx_variadic_templates


Detecting CXX [-std=c++14] compiler features compiled with the following output:
Change Dir: /home/jpce/Projects/krakenapi/CMakeFiles/CMakeTmp

Run Build Command:"/usr/bin/gmake" "cmTC_f9761/fast"
/usr/bin/gmake -f CMakeFiles/cmTC_f9761.dir/build.make CMakeFiles/cmTC_f9761.dir/build
gmake[1]: Entering directory '/home/jpce/Projects/krakenapi/CMakeFiles/CMakeTmp'
Building CXX object CMakeFiles/cmTC_f9761.dir/feature_tests.cxx.o
/usr/bin/c++    -std=c++14 -o CMakeFiles/cmTC_f9761.dir/feature_tests.cxx.o -c /home/jpce/Projects/krakenapi/CMakeFiles/feature_tests.cxx
Linking CXX executable cmTC_f9761
/usr/bin/cmake -E cmake_link_script CMakeFiles/cmTC_f9761.dir/link.txt --verbose=1
/usr/bin/c++       -rdynamic CMakeFiles/cmTC_f9761.dir/feature_tests.cxx.o  -o cmTC_f9761 
gmake[1]: Leaving directory '/home/jpce/Projects/krakenapi/CMakeFiles/CMakeTmp'


    Feature record: CXX_FEATURE:1cxx_aggregate_default_initializers
    Feature record: CXX_FEATURE:1cxx_alias_templates
    Feature record: CXX_FEATURE:1cxx_alignas
    Feature record: CXX_FEATURE:1cxx_alignof
    Feature record: CXX_FEATURE:1cxx_attributes
    Feature record: CXX_FEATURE:1cxx_attribute_deprecated
    Feature record: CXX_FEATURE:1cxx_auto_type
    Feature record: CXX_FEATURE:1cxx_binary_literals
    Feature record: CXX_FEATURE:1cxx_constexpr
    Feature record: CXX_FEATURE:1cxx_contextual_conversions
    Feature record: CXX_FEATURE:1cxx_decltype
    Feature record: CXX_FEATURE:1cxx_decltype_auto
    Feature record: CXX_FEATURE:1cxx_decltype_incomplete_return_types
    Feature record: CXX_FEATURE:1cxx_default_function_template_args
    Feature record: CXX_FEATURE:1cxx_defaulted_functions
    Feature record: CXX_FEATURE:1cxx_defaulted_move_initializers
    Feature record: CXX_FEATURE:1cxx_delegating_constructors
    Feature record: CXX_FEATURE:1cxx_deleted_functions
    Feature record: CXX_FEATURE:1cxx_digit_separators
    Feature record: CXX_FEATURE:1cxx_enum_forward_declarations
    Feature record: CXX_FEATURE:1cxx_explicit_conversions
    Feature record: CXX_FEATURE:1cxx_extended_friend_declarations
    Feature record: CXX_FEATURE:1cxx_extern_templates
    Feature record: CXX_FEATURE:1cxx_final
    Feature record: CXX_FEATURE:1cxx_func_identifier
    Feature record: CXX_FEATURE:1cxx_generalized_initializers
    Feature record: CXX_FEATURE:1cxx_generic_lambdas
    Feature record: CXX_FEATURE:1cxx_inheriting_constructors
    Feature record: CXX_FEATURE:1cxx_inline_namespaces
    Feature record: CXX_FEATURE:1cxx_lambdas
    Feature record: CXX_FEATURE:1cxx_lambda_init_captures
    Feature record: CXX_FEATURE:1cxx_local_type_template_args
    Feature record: CXX_FEATURE:1cxx_long_long_type
    Feature record: CXX_FEATURE:1cxx_noexcept
    Feature record: CXX_FEATURE:1cxx_nonstatic_member_init
    Feature record: CXX_FEATURE:1cxx_nullptr
    Feature record: CXX_FEATURE:1cxx_override
    Feature record: CXX_FEATURE:1cxx_range_for
    Feature record: CXX_FEATURE:1cxx_raw_string_literals
    Feature record: CXX_FEATURE:1cxx_reference_qualified_functions
    Feature record: CXX_FEATURE:1cxx_relaxed_constexpr
    Feature record: CXX_FEATURE:1cxx_return_type_deduction
    Feature record: CXX_FEATURE:1cxx_right_angle_brackets
    Feature record: CXX_FEATURE:1cxx_rvalue_references
    Feature record: CXX_FEATURE:1cxx_sizeof_member
    Feature record: CXX_FEATURE:1cxx_static_assert
    Feature record: CXX_FEATURE:1cxx_strong_enums
    Feature record: CXX_FEATURE:1cxx_template_template_parameters
    Feature record: CXX_FEATURE:1cxx_thread_local
    Feature record: CXX_FEATURE:1cxx_trailing_return_types
    Feature record: CXX_FEATURE:1cxx_unicode_literals
    Feature record: CXX_FEATURE:1cxx_uniform_initialization
    Feature record: CXX_FEATURE:1cxx_unrestricted_unions
    Feature record: CXX_FEATURE:1cxx_user_literals
    Feature record: CXX_FEATURE:1cxx_variable_templates
    Feature record: CXX_FEATURE:1cxx_variadic_macros
    Feature record: CXX_FEATURE:1cxx_variadic_templates


Detecting CXX [-std=c++11] compiler features compiled with the following output:
Change Dir: /home/jpce/Projects/krakenapi/CMakeFiles/CMakeTmp

Run Build Command:"/usr/bin/gmake" "cmTC_5552c/fast"
/usr/bin/gmake -f CMakeFiles/cmTC_5552c.dir/build.make CMakeFiles/cmTC_5552c.dir/build
gmake[1]: Entering directory '/home/jpce/Projects/krakenapi/CMakeFiles/CMakeTmp'
Building CXX object CMakeFiles/cmTC_5552c.dir/feature_tests.cxx.o
/usr/bin/c++    -std=c++11 -o CMakeFiles/cmTC_5552c.dir/feature_tests.cxx.o -c /home/jpce/Projects/krakenapi/CMakeFiles/feature_tests.cxx
Linking CXX executable cmTC_5552c
/usr/bin/cmake -E cmake_link_script CMakeFiles/cmTC_5552c.dir/link.txt --verbose=1
/usr/bin/c++       -rdynamic CMakeFiles/cmTC_5552c.dir/feature_tests.cxx.o  -o cmTC_5552c 
gmake[1]: Leaving directory '/home/jpce/Projects/krakenapi/CMakeFiles/CMakeTmp'


    Feature record: CXX_FEATURE:0cxx_aggregate_default_initializers
    Feature record: CXX_FEATURE:1cxx_alias_templates
    Feature record: CXX_FEATURE:1cxx_alignas
    Feature record: CXX_FEATURE:1cxx_alignof
    Feature record: CXX_FEATURE:1cxx_attributes
    Feature record: CXX_FEATURE:0cxx_attribute_deprecated
    Feature record: CXX_FEATURE:1cxx_auto_type
    Feature record: CXX_FEATURE:0cxx_binary_literals
    Feature record: CXX_FEATURE:1cxx_constexpr
    Feature record: CXX_FEATURE:0cxx_contextual_conversions
    Feature record: CXX_FEATURE:1cxx_decltype
    Feature record: CXX_FEATURE:0cxx_decltype_auto
    Feature record: CXX_FEATURE:1cxx_decltype_incomplete_return_types
    Feature record: CXX_FEATURE:1cxx_default_function_template_args
    Feature record: CXX_FEATURE:1cxx_defaulted_functions
    Feature record: CXX_FEATURE:1cxx_defaulted_move_initializers
    Feature record: CXX_FEATURE:1cxx_delegating_constructors
    Feature record: CXX_FEATURE:1cxx_deleted_functions
    Feature record: CXX_FEATURE:0cxx_digit_separators
    Feature record: CXX_FEATURE:1cxx_enum_forward_declarations
    Feature record: CXX_FEATURE:1cxx_explicit_conversions
    Feature record: CXX_FEATURE:1cxx_extended_friend_declarations
    Feature record: CXX_FEATURE:1cxx_extern_templates
    Feature record: CXX_FEATURE:1cxx_final
    Feature record: CXX_FEATURE:1cxx_func_identifier
    Feature record: CXX_FEATURE:1cxx_generalized_initializers
    Feature record: CXX_FEATURE:0cxx_generic_lambdas
    Feature record: CXX_FEATURE:1cxx_inheriting_constructors
    Feature record: CXX_FEATURE:1cxx_inline_namespaces
    Feature record: CXX_FEATURE:1cxx_lambdas
    Feature record: CXX_FEATURE:0cxx_lambda_init_captures
    Feature record: CXX_FEATURE:1cxx_local_type_template_args
    Feature record: CXX_FEATURE:1cxx_long_long_type
    Feature record: CXX_FEATURE:1cxx_noexcept
    Feature record: CXX_FEATURE:1cxx_nonstatic_member_init
    Feature record: CXX_FEATURE:1cxx_nullptr
    Feature record: CXX_FEATURE:1cxx_override
    Feature record: CXX_FEATURE:1cxx_range_for
    Feature record: CXX_FEATURE:1cxx_raw_string_literals
    Feature record: CXX_FEATURE:1cxx_reference_qualified_functions
    Feature record: CXX_FEATURE:0cxx_relaxed_constexpr
    Feature record: CXX_FEATURE:0cxx_return_type_deduction
    Feature record: CXX_FEATURE:1cxx_right_angle_brackets
    Feature record: CXX_FEATURE:1cxx_rvalue_references
    Feature record: CXX_FEATURE:1cxx_sizeof_member
    Feature record: CXX_FEATURE:1cxx_static_assert
    Feature record: CXX_FEATURE:1cxx_strong_enums
    Feature record: CXX_FEATURE:1cxx_template_template_parameters
    Feature record: CXX_FEATURE:1cxx_thread_local
    Feature record: CXX_FEATURE:1cxx_trailing_return_types
    Feature record: CXX_FEATURE:1cxx_unicode_literals
    Feature record: CXX_FEATURE:1cxx_uniform_initialization
    Feature record: CXX_FEATURE:1cxx_unrestricted_unions
    Feature record: CXX_FEATURE:1cxx_user_literals
    Feature record: CXX_FEATURE:0cxx_variable_templates
    Feature record: CXX_FEATURE:1cxx_variadic_macros
    Feature record: CXX_FEATURE:1cxx_variadic_templates


Detecting CXX [-std=c++98] compiler features compiled with the following output:
Change Dir: /home/jpce/Projects/krakenapi/CMakeFiles/CMakeTmp

Run Build Command:"/usr/bin/gmake" "cmTC_f65e6/fast"
/usr/bin/gmake -f CMakeFiles/cmTC_f65e6.dir/build.make CMakeFiles/cmTC_f65e6.dir/build
gmake[1]: Entering directory '/home/jpce/Projects/krakenapi/CMakeFiles/CMakeTmp'
Building CXX object CMakeFiles/cmTC_f65e6.dir/feature_tests.cxx.o
/usr/bin/c++    -std=c++98 -o CMakeFiles/cmTC_f65e6.dir/feature_tests.cxx.o -c /home/jpce/Projects/krakenapi/CMakeFiles/feature_tests.cxx
Linking CXX executable cmTC_f65e6
/usr/bin/cmake -E cmake_link_script CMakeFiles/cmTC_f65e6.dir/link.txt --verbose=1
/usr/bin/c++       -rdynamic CMakeFiles/cmTC_f65e6.dir/feature_tests.cxx.o  -o cmTC_f65e6 
gmake[1]: Leaving directory '/home/jpce/Projects/krakenapi/CMakeFiles/CMakeTmp'


    Feature record: CXX_FEATURE:0cxx_aggregate_default_initializers
    Feature record: CXX_FEATURE:0cxx_alias_templates
    Feature record: CXX_FEATURE:0cxx_alignas
    Feature record: CXX_FEATURE:0cxx_alignof
    Feature record: CXX_FEATURE:0cxx_attributes
    Feature record: CXX_FEATURE:0cxx_attribute_deprecated
    Feature record: CXX_FEATURE:0cxx_auto_type
    Feature record: CXX_FEATURE:0cxx_binary_literals
    Feature record: CXX_FEATURE:0cxx_constexpr
    Feature record: CXX_FEATURE:0cxx_contextual_conversions
    Feature record: CXX_FEATURE:0cxx_decltype
    Feature record: CXX_FEATURE:0cxx_decltype_auto
    Feature record: CXX_FEATURE:0cxx_decltype_incomplete_return_types
    Feature record: CXX_FEATURE:0cxx_default_function_template_args
    Feature record: CXX_FEATURE:0cxx_defaulted_functions
    Feature record: CXX_FEATURE:0cxx_defaulted_move_initializers
    Feature record: CXX_FEATURE:0cxx_delegating_constructors
    Feature record: CXX_FEATURE:0cxx_deleted_functions
    Feature record: CXX_FEATURE:0cxx_digit_separators
    Feature record: CXX_FEATURE:0cxx_enum_forward_declarations
    Feature record: CXX_FEATURE:0cxx_explicit_conversions
    Feature record: CXX_FEATURE:0cxx_extended_friend_declarations
    Feature record: CXX_FEATURE:0cxx_extern_templates
    Feature record: CXX_FEATURE:0cxx_final
    Feature record: CXX_FEATURE:0cxx_func_identifier
    Feature record: CXX_FEATURE:0cxx_generalized_initializers
    Feature record: CXX_FEATURE:0cxx_generic_lambdas
    Feature record: CXX_FEATURE:0cxx_inheriting_constructors
    Feature record: CXX_FEATURE:0cxx_inline_namespaces
    Feature record: CXX_FEATURE:0cxx_lambdas
    Feature record: CXX_FEATURE:0cxx_lambda_init_captures
    Feature record: CXX_FEATURE:0cxx_local_type_template_args
    Feature record: CXX_FEATURE:0cxx_long_long_type
    Feature record: CXX_FEATURE:0cxx_noexcept
    Feature record: CXX_FEATURE:0cxx_nonstatic_member_init
    Feature record: CXX_FEATURE:0cxx_nullptr
    Feature record: CXX_FEATURE:0cxx_override
    Feature record: CXX_FEATURE:0cxx_range_for
    Feature record: CXX_FEATURE:0cxx_raw_string_literals
    Feature record: CXX_FEATURE:0cxx_reference_qualified_functions
    Feature record: CXX_FEATURE:0cxx_relaxed_constexpr
    Feature record: CXX_FEATURE:0cxx_return_type_deduction
    Feature record: CXX_FEATURE:0cxx_right_angle_brackets
    Feature record: CXX_FEATURE:0cxx_rvalue_references
    Feature record: CXX_FEATURE:0cxx_sizeof_member
    Feature record: CXX_FEATURE:0cxx_static_assert
    Feature record: CXX_FEATURE:0cxx_strong_enums
    Feature record: CXX_FEATURE:1cxx_template_template_parameters
    Feature record: CXX_FEATURE:0cxx_thread_local
    Feature record: CXX_FEATURE:0cxx_trailing_return_types
    Feature record: CXX_FEATURE:0cxx_unicode_literals
    Feature record: CXX_FEATURE:0cxx_uniform_initialization
    Feature record: CXX_FEATURE:0cxx_unrestricted_unions
    Feature record: CXX_FEATURE:0cxx_user_literals
    Feature record: CXX_FEATURE:0cxx_variable_templates
    Feature record: CXX_FEATURE:0cxx_variadic_macros
    Feature record: CXX_FEATURE:0cxx_variadic_templates
Determining if the include file pthread.h exists passed with the following output:
Change Dir: /home/jpce/Projects/krakenapi/CMakeFiles/CMakeTmp

Run Build Command:"/usr/bin/gmake" "cmTC_64c86/fast"
gmake[1]: Entering directory '/home/jpce/Projects/krakenapi/CMakeFiles/CMakeTmp'
/usr/bin/gmake -f CMakeFiles/cmTC_64c86.dir/build.make CMakeFiles/cmTC_64c86.dir/build
gmake[2]: Entering directory '/home/jpce/Projects/krakenapi/CMakeFiles/CMakeTmp'
Building C object CMakeFiles/cmTC_64c86.dir/CheckIncludeFile.c.o
/usr/bin/cc    -o CMakeFiles/cmTC_64c86.dir/CheckIncludeFile.c.o   -c /home/jpce/Projects/krakenapi/CMakeFiles/CMakeTmp/CheckIncludeFile.c
Linking C executable cmTC_64c86
/usr/bin/cmake -E cmake_link_script CMakeFiles/cmTC_64c86.dir/link.txt --verbose=1
/usr/bin/cc      -rdynamic CMakeFiles/cmTC_64c86.dir/CheckIncludeFile.c.o  -o cmTC_64c86 
gmake[2]: Leaving directory '/home/jpce/Projects/krakenapi/CMakeFiles/CMakeTmp'
gmake[1]: Leaving directory '/home/jpce/Projects/krakenapi/CMakeFiles/CMakeTmp'


Determining if the function pthread_create exists in the pthread passed with the following output:
Change Dir: /home/jpce/Projects/krakenapi/CMakeFiles/CMakeTmp

Run Build Command:"/usr/bin/gmake" "cmTC_a287f/fast"
gmake[1]: Entering directory '/home/jpce/Projects/krakenapi/CMakeFiles/CMakeTmp'
/usr/bin/gmake -f CMakeFiles/cmTC_a287f.dir/build.make CMakeFiles/cmTC_a287f.dir/build
gmake[2]: Entering directory '/home/jpce/Projects/krakenapi/CMakeFiles/CMakeTmp'
Building C object CMakeFiles/cmTC_a287f.dir/CheckFunctionExists.c.o
/usr/bin/cc   -DCHECK_FUNCTION_EXISTS=pthread_create   -o CMakeFiles/cmTC_a287f.dir/CheckFunctionExists.c.o   -c /usr/share/cmake-3.11/Modules/CheckFunctionExists.c
Linking C executable cmTC_a287f
/usr/bin/cmake -E cmake_link_script CMakeFiles/cmTC_a287f.dir/link.txt --verbose=1
/usr/bin/cc  -DCHECK_FUNCTION_EXISTS=pthread_create    -rdynamic CMakeFiles/cmTC_a287f.dir/CheckFunctionExists.c.o  -o cmTC_a287f -lpthread 
gmake[2]: Leaving directory '/home/jpce/Projects/krakenapi/CMakeFiles/CMakeTmp'
gmake[1]: Leaving directory '/home/jpce/Projects/krakenapi/CMakeFiles/CMakeTmp'


The system is: Linux - 4.14.37 - x86_64
Compiling the C compiler identification source file "CMakeCCompilerId.c" succeeded.
Compiler: /usr/bin/cc 
Build flags: 
Id flags:  

The output was:
0


Compilation of the C compiler identification source "CMakeCCompilerId.c" produced "a.out"

The C compiler identification is GNU, found in "/home/jpce/Projects/krakenapi/CMakeFiles/3.10.3/CompilerIdC/a.out"

Compiling the CXX compiler identification source file "CMakeCXXCompilerId.cpp" succeeded.
Compiler: /usr/bin/c++ 
Build flags: 
Id flags:  

The output was:
0


Compilation of the CXX compiler identification source "CMakeCXXCompilerId.cpp" produced "a.out"

The CXX compiler identification is GNU, found in "/home/jpce/Projects/krakenapi/CMakeFiles/3.10.3/CompilerIdCXX/a.out"

Determining if the C compiler works passed with the following output:
Change Dir: /home/jpce/Projects/krakenapi/CMakeFiles/CMakeTmp

Run Build Command:"/usr/bin/gmake" "cmTC_32d5e/fast"
/usr/bin/gmake -f CMakeFiles/cmTC_32d5e.dir/build.make CMakeFiles/cmTC_32d5e.dir/build
gmake[1]: Entering directory '/home/jpce/Projects/krakenapi/CMakeFiles/CMakeTmp'
Building C object CMakeFiles/cmTC_32d5e.dir/testCCompiler.c.o
/usr/bin/cc    -o CMakeFiles/cmTC_32d5e.dir/testCCompiler.c.o   -c /home/jpce/Projects/krakenapi/CMakeFiles/CMakeTmp/testCCompiler.c
Linking C executable cmTC_32d5e
/home/jpce/Downloads/clion-2018.1.2/bin/cmake/bin/cmake -E cmake_link_script CMakeFiles/cmTC_32d5e.dir/link.txt --verbose=1
/usr/bin/cc      -rdynamic CMakeFiles/cmTC_32d5e.dir/testCCompiler.c.o  -o cmTC_32d5e 
gmake[1]: Leaving directory '/home/jpce/Projects/krakenapi/CMakeFiles/CMakeTmp'


Detecting C compiler ABI info compiled with the following output:
Change Dir: /home/jpce/Projects/krakenapi/CMakeFiles/CMakeTmp

Run Build Command:"/usr/bin/gmake" "cmTC_59b9d/fast"
/usr/bin/gmake -f CMakeFiles/cmTC_59b9d.dir/build.make CMakeFiles/cmTC_59b9d.dir/build
gmake[1]: Entering directory '/home/jpce/Projects/krakenapi/CMakeFiles/CMakeTmp'
Building C object CMakeFiles/cmTC_59b9d.dir/CMakeCCompilerABI.c.o
/usr/bin/cc    -o CMakeFiles/cmTC_59b9d.dir/CMakeCCompilerABI.c.o   -c /home/jpce/Downloads/clion-2018.1.2/bin/cmake/share/cmake-3.10/Modules/CMakeCCompilerABI.c
Linking C executable cmTC_59b9d
/home/jpce/Downloads/clion-2018.1.2/bin/cmake/bin/cmake -E cmake_link_script CMakeFiles/cmTC_59b9d.dir/link.txt --verbose=1
/usr/bin/cc     -v -rdynamic CMakeFiles/cmTC_59b9d.dir/CMakeCCompilerABI.c.o  -o cmTC_59b9d 
Reading specs from /usr/lib64/gcc/x86_64-slackware-linux/7.3.0/specs
COLLECT_GCC=/usr/bin/cc
COLLECT_LTO_WRAPPER=/usr/libexec/gcc/x86_64-slackware-linux/7.3.0/lto-wrapper
Target: x86_64-slackware-linux
Configured with: ../gcc-7.3.0/configure --prefix=/usr --libdir=/usr/lib64 --mandir=/usr/man --infodir=/usr/info --enable-shared --enable-bootstrap --enable-languages=ada,brig,c,c++,fortran,go,lto,objc --enable-threads=posix --enable-checking=release --enable-objc-gc --with-system-zlib --enable-libstdcxx-dual-abi --with-default-libstdcxx-abi=new --disable-libunwind-exceptions --enable-__cxa_atexit --enable-libssp --enable-lto --disable-install-libiberty --with-gnu-ld --verbose --with-arch-directory=amd64 --disable-gtktest --disable-multilib --target=x86_64-slackware-linux --build=x86_64-slackware-linux --host=x86_64-slackware-linux
Thread model: posix
gcc version 7.3.0 (GCC) 
COMPILER_PATH=/usr/libexec/gcc/x86_64-slackware-linux/7.3.0/:/usr/libexec/gcc/x86_64-slackware-linux/7.3.0/:/usr/libexec/gcc/x86_64-slackware-linux/:/usr/lib64/gcc/x86_64-slackware-linux/7.3.0/:/usr/lib64/gcc/x86_64-slackware-linux/:/usr/lib64/gcc/x86_64-slackware-linux/7.3.0/../../../../x86_64-slackware-linux/bin/
LIBRARY_PATH=/usr/lib64/gcc/x86_64-slackware-linux/7.3.0/:/usr/lib64/gcc/x86_64-slackware-linux/7.3.0/../../../../lib64/:/lib/../lib64/:/usr/lib/../lib64/:/usr/lib64/gcc/x86_64-slackware-linux/7.3.0/../../../:/lib/:/usr/lib/
COLLECT_GCC_OPTIONS='-v' '-rdynamic' '-o' 'cmTC_59b9d' '-mtune=generic' '-march=x86-64'
 /usr/libexec/gcc/x86_64-slackware-linux/7.3.0/collect2 -plugin /usr/libexec/gcc/x86_64-slackware-linux/7.3.0/liblto_plugin.so -plugin-opt=/usr/libexec/gcc/x86_64-slackware-linux/7.3.0/lto-wrapper -plugin-opt=-fresolution=/tmp/ccUKBfgy.res -plugin-opt=-pass-through=-lgcc -plugin-opt=-pass-through=-lgcc_s -plugin-opt=-pass-through=-lc -plugin-opt=-pass-through=-lgcc -plugin-opt=-pass-through=-lgcc_s --eh-frame-hdr -m elf_x86_64 -export-dynamic -dynamic-linker /lib64/ld-linux-x86-64.so.2 -o cmTC_59b9d /usr/lib64/gcc/x86_64-slackware-linux/7.3.0/../../../../lib64/crt1.o /usr/lib64/gcc/x86_64-slackware-linux/7.3.0/../../../../lib64/crti.o /usr/lib64/gcc/x86_64-slackware-linux/7.3.0/crtbegin.o -L/usr/lib64/gcc/x86_64-slackware-linux/7.3.0 -L/usr/lib64/gcc/x86_64-slackware-linux/7.3.0/../../../../lib64 -L/lib/../lib64 -L/usr/lib/../lib64 -L/usr/lib64/gcc/x86_64-slackware-linux/7.3.0/../../.. CMakeFiles/cmTC_59b9d.dir/CMakeCCompilerABI.c.o -lgcc --as-needed -lgcc_s --no-as-needed -lc -lgcc --as-needed -lgcc_s --no-as-needed /usr/lib64/gcc/x86_64-slackware-linux/7.3.0/crtend.o /usr/lib64/gcc/x86_64-slackware-linux/7.3.0/../../../../lib64/crtn.o
COLLECT_GCC_OPTIONS='-v' '-rdynamic' '-o' 'cmTC_59b9d' '-mtune=generic' '-march=x86-64'
gmake[1]: Leaving directory '/home/jpce/Projects/krakenapi/CMakeFiles/CMakeTmp'


Parsed C implicit link information from above output:
  link line regex: [^( *|.*[/\])(ld|CMAKE_LINK_STARTFILE-NOTFOUND|([^/\]+-)?ld|collect2)[^/\]*( |$)]
  ignore line: [Change Dir: /home/jpce/Projects/krakenapi/CMakeFiles/CMakeTmp]
  ignore line: []
  ignore line: [Run Build Command:"/usr/bin/gmake" "cmTC_59b9d/fast"]
  ignore line: [/usr/bin/gmake -f CMakeFiles/cmTC_59b9d.dir/build.make CMakeFiles/cmTC_59b9d.dir/build]
  ignore line: [gmake[1]: Entering directory '/home/jpce/Projects/krakenapi/CMakeFiles/CMakeTmp']
  ignore line: [Building C object CMakeFiles/cmTC_59b9d.dir/CMakeCCompilerABI.c.o]
  ignore line: [/usr/bin/cc    -o CMakeFiles/cmTC_59b9d.dir/CMakeCCompilerABI.c.o   -c /home/jpce/Downloads/clion-2018.1.2/bin/cmake/share/cmake-3.10/Modules/CMakeCCompilerABI.c]
  ignore line: [Linking C executable cmTC_59b9d]
  ignore line: [/home/jpce/Downloads/clion-2018.1.2/bin/cmake/bin/cmake -E cmake_link_script CMakeFiles/cmTC_59b9d.dir/link.txt --verbose=1]
  ignore line: [/usr/bin/cc     -v -rdynamic CMakeFiles/cmTC_59b9d.dir/CMakeCCompilerABI.c.o  -o cmTC_59b9d ]
  ignore line: [Reading specs from /usr/lib64/gcc/x86_64-slackware-linux/7.3.0/specs]
  ignore line: [COLLECT_GCC=/usr/bin/cc]
  ignore line: [COLLECT_LTO_WRAPPER=/usr/libexec/gcc/x86_64-slackware-linux/7.3.0/lto-wrapper]
  ignore line: [Target: x86_64-slackware-linux]
  ignore line: [Configured with: ../gcc-7.3.0/configure --prefix=/usr --libdir=/usr/lib64 --mandir=/usr/man --infodir=/usr/info --enable-shared --enable-bootstrap --enable-languages=ada,brig,c,c++,fortran,go,lto,objc --enable-threads=posix --enable-checking=release --enable-objc-gc --with-system-zlib --enable-libstdcxx-dual-abi --with-default-libstdcxx-abi=new --disable-libunwind-exceptions --enable-__cxa_atexit --enable-libssp --enable-lto --disable-install-libiberty --with-gnu-ld --verbose --with-arch-directory=amd64 --disable-gtktest --disable-multilib --target=x86_64-slackware-linux --build=x86_64-slackware-linux --host=x86_64-slackware-linux]
  ignore line: [Thread model: posix]
  ignore line: [gcc version 7.3.0 (GCC) ]
  ignore line: [COMPILER_PATH=/usr/libexec/gcc/x86_64-slackware-linux/7.3.0/:/usr/libexec/gcc/x86_64-slackware-linux/7.3.0/:/usr/libexec/gcc/x86_64-slackware-linux/:/usr/lib64/gcc/x86_64-slackware-linux/7.3.0/:/usr/lib64/gcc/x86_64-slackware-linux/:/usr/lib64/gcc/x86_64-slackware-linux/7.3.0/../../../../x86_64-slackware-linux/bin/]
  ignore line: [LIBRARY_PATH=/usr/lib64/gcc/x86_64-slackware-linux/7.3.0/:/usr/lib64/gcc/x86_64-slackware-linux/7.3.0/../../../../lib64/:/lib/../lib64/:/usr/lib/../lib64/:/usr/lib64/gcc/x86_64-slackware-linux/7.3.0/../../../:/lib/:/usr/lib/]
  ignore line: [COLLECT_GCC_OPTIONS='-v' '-rdynamic' '-o' 'cmTC_59b9d' '-mtune=generic' '-march=x86-64']
  link line: [ /usr/libexec/gcc/x86_64-slackware-linux/7.3.0/collect2 -plugin /usr/libexec/gcc/x86_64-slackware-linux/7.3.0/liblto_plugin.so -plugin-opt=/usr/libexec/gcc/x86_64-slackware-linux/7.3.0/lto-wrapper -plugin-opt=-fresolution=/tmp/ccUKBfgy.res -plugin-opt=-pass-through=-lgcc -plugin-opt=-pass-through=-lgcc_s -plugin-opt=-pass-through=-lc -plugin-opt=-pass-through=-lgcc -plugin-opt=-pass-through=-lgcc_s --eh-frame-hdr -m elf_x86_64 -export-dynamic -dynamic-linker /lib64/ld-linux-x86-64.so.2 -o cmTC_59b9d /usr/lib64/gcc/x86_64-slackware-linux/7.3.0/../../../../lib64/crt1.o /usr/lib64/gcc/x86_64-slackware-linux/7.3.0/../../../../lib64/crti.o /usr/lib64/gcc/x86_64-slackware-linux/7.3.0/crtbegin.o -L/usr/lib64/gcc/x86_64-slackware-linux/7.3.0 -L/usr/lib64/gcc/x86_64-slackware-linux/7.3.0/../../../../lib64 -L/lib/../lib64 -L/usr/lib/../lib64 -L/usr/lib64/gcc/x86_64-slackware-linux/7.3.0/../../.. CMakeFiles/cmTC_59b9d.dir/CMakeCCompilerABI.c.o -lgcc --as-needed -lgcc_s --no-as-needed -lc -lgcc --as-needed -lgcc_s --no-as-needed /usr/lib64/gcc/x86_64-slackware-linux/7.3.0/crtend.o /usr/lib64/gcc/x86_64-slackware-linux/7.3.0/../../../../lib64/crtn.o]
    arg [/usr/libexec/gcc/x86_64-slackware-linux/7.3.0/collect2] ==> ignore
    arg [-plugin] ==> ignore
    arg [/usr/libexec/gcc/x86_64-slackware-linux/7.3.0/liblto_plugin.so] ==> ignore
    arg [-plugin-opt=/usr/libexec/gcc/x86_64-slackware-linux/7.3.0/lto-wrapper] ==> ignore
    arg [-plugin-opt=-fresolution=/tmp/ccUKBfgy.res] ==> ignore
    arg [-plugin-opt=-pass-through=-lgcc] ==> ignore
    arg [-plugin-opt=-pass-through=-lgcc_s] ==> ignore
    arg [-plugin-opt=-pass-through=-lc] ==> ignore
    arg [-plugin-opt=-pass-through=-lgcc] ==> ignore
    arg [-plugin-opt=-pass-through=-lgcc_s] ==> ignore
    arg [--eh-frame-hdr] ==> ignore
    arg [-m] ==> ignore
    arg [elf_x86_64] ==> ignore
    arg [-export-dynamic] ==> ignore
    arg [-dynamic-linker] ==> ignore
    arg [/lib64/ld-linux-x86-64.so.2] ==> ignore
    arg [-o] ==> ignore
    arg [cmTC_59b9d] ==> ignore
    arg [/usr/lib64/gcc/x86_64-slackware-linux/7.3.0/../../../../lib64/crt1.o] ==> ignore
    arg [/usr/lib64/gcc/x86_64-slackware-linux/7.3.0/../../../../lib64/crti.o] ==> ignore
    arg [/usr/lib64/gcc/x86_64-slackware-linux/7.3.0/crtbegin.o] ==> ignore
    arg [-L/usr/lib64/gcc/x86_64-slackware-linux/7.3.0] ==> dir [/usr/lib64/gcc/x86_64-slackware-linux/7.3.0]
    arg [-L/usr/lib64/gcc/x86_64-slackware-linux/7.3.0/../../../../lib64] ==> dir [/usr/lib64/gcc/x86_64-slackware-linux/7.3.0/../../../../lib64]
    arg [-L/lib/../lib64] ==> dir [/lib/../lib64]
    arg [-L/usr/lib/../lib64] ==> dir [/usr/lib/../lib64]
    arg [-L/usr/lib64/gcc/x86_64-slackware-linux/7.3.0/../../..] ==> dir [/usr/lib64/gcc/x86_64-slackware-linux/7.3.0/../../..]
    arg [CMakeFiles/cmTC_59b9d.dir/CMakeCCompilerABI.c.o] ==> ignore
    arg [-lgcc] ==> lib [gcc]
    arg [--as-needed] ==> ignore
    arg [-lgcc_s] ==> lib [gcc_s]
    arg [--no-as-needed] ==> ignore
    arg [-lc] ==> lib [c]
    arg [-lgcc] ==> lib [gcc]
    arg [--as-needed] ==> ignore
    arg [-lgcc_s] ==> lib [gcc_s]
    arg [--no-as-needed] ==> ignore
    arg [/usr/lib64/gcc/x86_64-slackware-linux/7.3.0/crtend.o] ==> ignore
    arg [/usr/lib64/gcc/x86_64-slackware-linux/7.3.0/../../../../lib64/crtn.o] ==> ignore
  collapse library dir [/usr/lib64/gcc/x86_64-slackware-linux/7.3.0] ==> [/usr/lib64/gcc/x86_64-slackware-linux/7.3.0]
  collapse library dir [/usr/lib64/gcc/x86_64-slackware-linux/7.3.0/../../../../lib64] ==> [/usr/lib64]
  collapse library dir [/lib/../lib64] ==> [/lib64]
  collapse library dir [/usr/lib/../lib64] ==> [/usr/lib64]
  collapse library dir [/usr/lib64/gcc/x86_64-slackware-linux/7.3.0/../../..] ==> [/usr/lib64]
  implicit libs: [gcc;gcc_s;c;gcc;gcc_s]
  implicit dirs: [/usr/lib64/gcc/x86_64-slackware-linux/7.3.0;/usr/lib64;/lib64]
  implicit fwks: []




Detecting C [-std=c11] compiler features compiled with the following output:
Change Dir: /home/jpce/Projects/krakenapi/CMakeFiles/CMakeTmp

Run Build Command:"/usr/bin/gmake" "cmTC_0d231/fast"
/usr/bin/gmake -f CMakeFiles/cmTC_0d231.dir/build.make CMakeFiles/cmTC_0d231.dir/build
gmake[1]: Entering directory '/home/jpce/Projects/krakenapi/CMakeFiles/CMakeTmp'
Building C object CMakeFiles/cmTC_0d231.dir/feature_tests.c.o
/usr/bin/cc   -std=c11 -o CMakeFiles/cmTC_0d231.dir/feature_tests.c.o   -c /home/jpce/Projects/krakenapi/CMakeFiles/feature_tests.c
Linking C executable cmTC_0d231
/home/jpce/Downloads/clion-2018.1.2/bin/cmake/bin/cmake -E cmake_link_script CMakeFiles/cmTC_0d231.dir/link.txt --verbose=1
/usr/bin/cc      -rdynamic CMakeFiles/cmTC_0d231.dir/feature_tests.c.o  -o cmTC_0d231 
gmake[1]: Leaving directory '/home/jpce/Projects/krakenapi/CMakeFiles/CMakeTmp'


    Feature record: C_FEATURE:1c_function_prototypes
    Feature record: C_FEATURE:1c_restrict
    Feature record: C_FEATURE:1c_static_assert
    Feature record: C_FEATURE:1c_variadic_macros


Detecting C [-std=c99] compiler features compiled with the following output:
Change Dir: /home/jpce/Projects/krakenapi/CMakeFiles/CMakeTmp

Run Build Command:"/usr/bin/gmake" "cmTC_52c11/fast"
/usr/bin/gmake -f CMakeFiles/cmTC_52c11.dir/build.make CMakeFiles/cmTC_52c11.dir/build
gmake[1]: Entering directory '/home/jpce/Projects/krakenapi/CMakeFiles/CMakeTmp'
Building C object CMakeFiles/cmTC_52c11.dir/feature_tests.c.o
/usr/bin/cc   -std=c99 -o CMakeFiles/cmTC_52c11.dir/feature_tests.c.o   -c /home/jpce/Projects/krakenapi/CMakeFiles/feature_tests.c
Linking C executable cmTC_52c11
/home/jpce/Downloads/clion-2018.1.2/bin/cmake/bin/cmake -E cmake_link_script CMakeFiles/cmTC_52c11.dir/link.txt --verbose=1
/usr/bin/cc      -rdynamic CMakeFiles/cmTC_52c11.dir/feature_tests.c.o  -o cmTC_52c11 
gmake[1]: Leaving directory '/home/jpce/Projects/krakenapi/CMakeFiles/CMakeTmp'


    Feature record: C_FEATURE:1c_function_prototypes
    Feature record: C_FEATURE:1c_restrict
    Feature record: C_FEATURE:0c_static_assert
    Feature record: C_FEATURE:1c_variadic_macros


Detecting C [-std=c90] compiler features compiled with the following output:
Change Dir: /home/jpce/Projects/krakenapi/CMakeFiles/CMakeTmp

Run Build Command:"/usr/bin/gmake" "cmTC_4aa8e/fast"
/usr/bin/gmake -f CMakeFiles/cmTC_4aa8e.dir/build.make CMakeFiles/cmTC_4aa8e.dir/build
gmake[1]: Entering directory '/home/jpce/Projects/krakenapi/CMakeFiles/CMakeTmp'
Building C object CMakeFiles/cmTC_4aa8e.dir/feature_tests.c.o
/usr/bin/cc   -std=c90 -o CMakeFiles/cmTC_4aa8e.dir/feature_tests.c.o   -c /home/jpce/Projects/krakenapi/CMakeFiles/feature_tests.c
Linking C executable cmTC_4aa8e
/home/jpce/Downloads/clion-2018.1.2/bin/cmake/bin/cmake -E cmake_link_script CMakeFiles/cmTC_4aa8e.dir/link.txt --verbose=1
/usr/bin/cc      -rdynamic CMakeFiles/cmTC_4aa8e.dir/feature_tests.c.o  -o cmTC_4aa8e 
gmake[1]: Leaving directory '/home/jpce/Projects/krakenapi/CMakeFiles/CMakeTmp'


    Feature record: C_FEATURE:1c_function_prototypes
    Feature record: C_FEATURE:0c_restrict
    Feature record: C_FEATURE:0c_static_assert
    Feature record: C_FEATURE:0c_variadic_macros
Determining if the CXX compiler works passed with the following output:
Change Dir: /home/jpce/Projects/krakenapi/CMakeFiles/CMakeTmp

Run Build Command:"/usr/bin/gmake" "cmTC_ee3be/fast"
/usr/bin/gmake -f CMakeFiles/cmTC_ee3be.dir/build.make CMakeFiles/cmTC_ee3be.dir/build
gmake[1]: Entering directory '/home/jpce/Projects/krakenapi/CMakeFiles/CMakeTmp'
Building CXX object CMakeFiles/cmTC_ee3be.dir/testCXXCompiler.cxx.o
/usr/bin/c++     -o CMakeFiles/cmTC_ee3be.dir/testCXXCompiler.cxx.o -c /home/jpce/Projects/krakenapi/CMakeFiles/CMakeTmp/testCXXCompiler.cxx
Linking CXX executable cmTC_ee3be
/home/jpce/Downloads/clion-2018.1.2/bin/cmake/bin/cmake -E cmake_link_script CMakeFiles/cmTC_ee3be.dir/link.txt --verbose=1
/usr/bin/c++       -rdynamic CMakeFiles/cmTC_ee3be.dir/testCXXCompiler.cxx.o  -o cmTC_ee3be 
gmake[1]: Leaving directory '/home/jpce/Projects/krakenapi/CMakeFiles/CMakeTmp'


Detecting CXX compiler ABI info compiled with the following output:
Change Dir: /home/jpce/Projects/krakenapi/CMakeFiles/CMakeTmp

Run Build Command:"/usr/bin/gmake" "cmTC_bfc39/fast"
/usr/bin/gmake -f CMakeFiles/cmTC_bfc39.dir/build.make CMakeFiles/cmTC_bfc39.dir/build
gmake[1]: Entering directory '/home/jpce/Projects/krakenapi/CMakeFiles/CMakeTmp'
Building CXX object CMakeFiles/cmTC_bfc39.dir/CMakeCXXCompilerABI.cpp.o
/usr/bin/c++     -o CMakeFiles/cmTC_bfc39.dir/CMakeCXXCompilerABI.cpp.o -c /home/jpce/Downloads/clion-2018.1.2/bin/cmake/share/cmake-3.10/Modules/CMakeCXXCompilerABI.cpp
Linking CXX executable cmTC_bfc39
/home/jpce/Downloads/clion-2018.1.2/bin/cmake/bin/cmake -E cmake_link_script CMakeFiles/cmTC_bfc39.dir/link.txt --verbose=1
/usr/bin/c++      -v -rdynamic CMakeFiles/cmTC_bfc39.dir/CMakeCXXCompilerABI.cpp.o  -o cmTC_bfc39 
Reading specs from /usr/lib64/gcc/x86_64-slackware-linux/7.3.0/specs
COLLECT_GCC=/usr/bin/c++
COLLECT_LTO_WRAPPER=/usr/libexec/gcc/x86_64-slackware-linux/7.3.0/lto-wrapper
Target: x86_64-slackware-linux
Configured with: ../gcc-7.3.0/configure --prefix=/usr --libdir=/usr/lib64 --mandir=/usr/man --infodir=/usr/info --enable-shared --enable-bootstrap --enable-languages=ada,brig,c,c++,fortran,go,lto,objc --enable-threads=posix --enable-checking=release --enable-objc-gc --with-system-zlib --enable-libstdcxx-dual-abi --with-default-libstdcxx-abi=new --disable-libunwind-exceptions --enable-__cxa_atexit --enable-libssp --enable-lto --disable-install-libiberty --with-gnu-ld --verbose --with-arch-directory=amd64 --disable-gtktest --disable-multilib --target=x86_64-slackware-linux --build=x86_64-slackware-linux --host=x86_64-slackware-linux
Thread model: posix
gcc version 7.3.0 (GCC) 
COMPILER_PATH=/usr/libexec/gcc/x86_64-slackware-linux/7.3.0/:/usr/libexec/gcc/x86_64-slackware-linux/7.3.0/:/usr/libexec/gcc/x86_64-slackware-linux/:/usr/lib64/gcc/x86_64-slackware-linux/7.3.0/:/usr/lib64/gcc/x86_64-slackware-linux/:/usr/lib64/gcc/x86_64-slackware-linux/7.3.0/../../../../x86_64-slackware-linux/bin/
LIBRARY_PATH=/usr/lib64/gcc/x86_64-slackware-linux/7.3.0/:/usr/lib64/gcc/x86_64-slackware-linux/7.3.0/../../../../lib64/:/lib/../lib64/:/usr/lib/../lib64/:/usr/lib64/gcc/x86_64-slackware-linux/7.3.0/../../../:/lib/:/usr/lib/
COLLECT_GCC_OPTIONS='-v' '-rdynamic' '-o' 'cmTC_bfc39' '-shared-libgcc' '-mtune=generic' '-march=x86-64'
 /usr/libexec/gcc/x86_64-slackware-linux/7.3.0/collect2 -plugin /usr/libexec/gcc/x86_64-slackware-linux/7.3.0/liblto_plugin.so -plugin-opt=/usr/libexec/gcc/x86_64-slackware-linux/7.3.0/lto-wrapper -plugin-opt=-fresolution=/tmp/ccbbGHCs.res -plugin-opt=-pass-through=-lgcc_s -plugin-opt=-pass-through=-lgcc -plugin-opt=-pass-through=-lc -plugin-opt=-pass-through=-lgcc_s -plugin-opt=-pass-through=-lgcc --eh-frame-hdr -m elf_x86_64 -export-dynamic -dynamic-linker /lib64/ld-linux-x86-64.so.2 -o cmTC_bfc39 /usr/lib64/gcc/x86_64-slackware-linux/7.3.0/../../../../lib64/crt1.o /usr/lib64/gcc/x86_64-slackware-linux/7.3.0/../../../../lib64/crti.o /usr/lib64/gcc/x86_64-slackware-linux/7.3.0/crtbegin.o -L/usr/lib64/gcc/x86_64-slackware-linux/7.3.0 -L/usr/lib64/gcc/x86_64-slackware-linux/7.3.0/../../../../lib64 -L/lib/../lib64 -L/usr/lib/../lib64 -L/usr/lib64/gcc/x86_64-slackware-linux/7.3.0/../../.. CMakeFiles/cmTC_bfc39.dir/CMakeCXXCompilerABI.cpp.o -lstdc++ -lm -lgcc_s -lgcc -lc -lgcc_s -lgcc /usr/lib64/gcc/x86_64-slackware-linux/7.3.0/crtend.o /usr/lib64/gcc/x86_64-slackware-linux/7.3.0/../../../../lib64/crtn.o
COLLECT_GCC_OPTIONS='-v' '-rdynamic' '-o' 'cmTC_bfc39' '-shared-libgcc' '-mtune=generic' '-march=x86-64'
gmake[1]: Leaving directory '/home/jpce/Projects/krakenapi/CMakeFiles/CMakeTmp'


Parsed CXX implicit link information from above output:
  link line regex: [^( *|.*[/\])(ld|CMAKE_LINK_STARTFILE-NOTFOUND|([^/\]+-)?ld|collect2)[^/\]*( |$)]
  ignore line: [Change Dir: /home/jpce/Projects/krakenapi/CMakeFiles/CMakeTmp]
  ignore line: []
  ignore line: [Run Build Command:"/usr/bin/gmake" "cmTC_bfc39/fast"]
  ignore line: [/usr/bin/gmake -f CMakeFiles/cmTC_bfc39.dir/build.make CMakeFiles/cmTC_bfc39.dir/build]
  ignore line: [gmake[1]: Entering directory '/home/jpce/Projects/krakenapi/CMakeFiles/CMakeTmp']
  ignore line: [Building CXX object CMakeFiles/cmTC_bfc39.dir/CMakeCXXCompilerABI.cpp.o]
  ignore line: [/usr/bin/c++     -o CMakeFiles/cmTC_bfc39.dir/CMakeCXXCompilerABI.cpp.o -c /home/jpce/Downloads/clion-2018.1.2/bin/cmake/share/cmake-3.10/Modules/CMakeCXXCompilerABI.cpp]
  ignore line: [Linking CXX executable cmTC_bfc39]
  ignore line: [/home/jpce/Downloads/clion-2018.1.2/bin/cmake/bin/cmake -E cmake_link_script CMakeFiles/cmTC_bfc39.dir/link.txt --verbose=1]
  ignore line: [/usr/bin/c++      -v -rdynamic CMakeFiles/cmTC_bfc39.dir/CMakeCXXCompilerABI.cpp.o  -o cmTC_bfc39 ]
  ignore line: [Reading specs from /usr/lib64/gcc/x86_64-slackware-linux/7.3.0/specs]
  ignore line: [COLLECT_GCC=/usr/bin/c++]
  ignore line: [COLLECT_LTO_WRAPPER=/usr/libexec/gcc/x86_64-slackware-linux/7.3.0/lto-wrapper]
  ignore line: [Target: x86_64-slackware-linux]
  ignore line: [Configured with: ../gcc-7.3.0/configure --prefix=/usr --libdir=/usr/lib64 --mandir=/usr/man --infodir=/usr/info --enable-shared --enable-bootstrap --enable-languages=ada,brig,c,c++,fortran,go,lto,objc --enable-threads=posix --enable-checking=release --enable-objc-gc --with-system-zlib --enable-libstdcxx-dual-abi --with-default-libstdcxx-abi=new --disable-libunwind-exceptions --enable-__cxa_atexit --enable-libssp --enable-lto --disable-install-libiberty --with-gnu-ld --verbose --with-arch-directory=amd64 --disable-gtktest --disable-multilib --target=x86_64-slackware-linux --build=x86_64-slackware-linux --host=x86_64-slackware-linux]
  ignore line: [Thread model: posix]
  ignore line: [gcc version 7.3.0 (GCC) ]
  ignore line: [COMPILER_PATH=/usr/libexec/gcc/x86_64-slackware-linux/7.3.0/:/usr/libexec/gcc/x86_64-slackware-linux/7.3.0/:/usr/libexec/gcc/x86_64-slackware-linux/:/usr/lib64/gcc/x86_64-slackware-linux/7.3.0/:/usr/lib64/gcc/x86_64-slackware-linux/:/usr/lib64/gcc/x86_64-slackware-linux/7.3.0/../../../../x86_64-slackware-linux/bin/]
  ignore line: [LIBRARY_PATH=/usr/lib64/gcc/x86_64-slackware-linux/7.3.0/:/usr/lib64/gcc/x86_64-slackware-linux/7.3.0/../../../../lib64/:/lib/../lib64/:/usr/lib/../lib64/:/usr/lib64/gcc/x86_64-slackware-linux/7.3.0/../../../:/lib/:/usr/lib/]
  ignore line: [COLLECT_GCC_OPTIONS='-v' '-rdynamic' '-o' 'cmTC_bfc39' '-shared-libgcc' '-mtune=generic' '-march=x86-64']
  link line: [ /usr/libexec/gcc/x86_64-slackware-linux/7.3.0/collect2 -plugin /usr/libexec/gcc/x86_64-slackware-linux/7.3.0/liblto_plugin.so -plugin-opt=/usr/libexec/gcc/x86_64-slackware-linux/7.3.0/lto-wrapper -plugin-opt=-fresolution=/tmp/ccbbGHCs.res -plugin-opt=-pass-through=-lgcc_s -plugin-opt=-pass-through=-lgcc -plugin-opt=-pass-through=-lc -plugin-opt=-pass-through=-lgcc_s -plugin-opt=-pass-through=-lgcc --eh-frame-hdr -m elf_x86_64 -export-dynamic -dynamic-linker /lib64/ld-linux-x86-64.so.2 -o cmTC_bfc39 /usr/lib64/gcc/x86_64-slackware-linux/7.3.0/../../../../lib64/crt1.o /usr/lib64/gcc/x86_64-slackware-linux/7.3.0/../../../../lib64/crti.o /usr/lib64/gcc/x86_64-slackware-linux/7.3.0/crtbegin.o -L/usr/lib64/gcc/x86_64-slackware-linux/7.3.0 -L/usr/lib64/gcc/x86_64-slackware-linux/7.3.0/../../../../lib64 -L/lib/../lib64 -L/usr/lib/../lib64 -L/usr/lib64/gcc/x86_64-slackware-linux/7.3.0/../../.. CMakeFiles/cmTC_bfc39.dir/CMakeCXXCompilerABI.cpp.o -lstdc++ -lm -lgcc_s -lgcc -lc -lgcc_s -lgcc /usr/lib64/gcc/x86_64-slackware-linux/7.3.0/crtend.o /usr/lib64/gcc/x86_64-slackware-linux/7.3.0/../../../../lib64/crtn.o]
    arg [/usr/libexec/gcc/x86_64-slackware-linux/7.3.0/collect2] ==> ignore
    arg [-plugin] ==> ignore
    arg [/usr/libexec/gcc/x86_64-slackware-linux/7.3.0/liblto_plugin.so] ==> ignore
    arg [-plugin-opt=/usr/libexec/gcc/x86_64-slackware-linux/7.3.0/lto-wrapper] ==> ignore
    arg [-plugin-opt=-fresolution=/tmp/ccbbGHCs.res] ==> ignore
    arg [-plugin-opt=-pass-through=-lgcc_s] ==> ignore
    arg [-plugin-opt=-pass-through=-lgcc] ==> ignore
    arg [-plugin-opt=-pass-through=-lc] ==> ignore
    arg [-plugin-opt=-pass-through=-lgcc_s] ==> ignore
    arg [-plugin-opt=-pass-through=-lgcc] ==> ignore
    arg [--eh-frame-hdr] ==> ignore
    arg [-m] ==> ignore
    arg [elf_x86_64] ==> ignore
    arg [-export-dynamic] ==> ignore
    arg [-dynamic-linker] ==> ignore
    arg [/lib64/ld-linux-x86-64.so.2] ==> ignore
    arg [-o] ==> ignore
    arg [cmTC_bfc39] ==> ignore
    arg [/usr/lib64/gcc/x86_64-slackware-linux/7.3.0/../../../../lib64/crt1.o] ==> ignore
    arg [/usr/lib64/gcc/x86_64-slackware-linux/7.3.0/../../../../lib64/crti.o] ==> ignore
    arg [/usr/lib64/gcc/x86_64-slackware-linux/7.3.0/crtbegin.o] ==> ignore
    arg [-L/usr/lib64/gcc/x86_64-slackware-linux/7.3.0] ==> dir [/usr/lib64/gcc/x86_64-slackware-linux/7.3.0]
    arg [-L/usr/lib64/gcc/x86_64-slackware-linux/7.3.0/../../../../lib64] ==> dir [/usr/lib64/gcc/x86_64-slackware-linux/7.3.0/../../../../lib64]
    arg [-L/lib/../lib64] ==> dir [/lib/../lib64]
    arg [-L/usr/lib/../lib64] ==> dir [/usr/lib/../lib64]
    arg [-L/usr/lib64/gcc/x86_64-slackware-linux/7.3.0/../../..] ==> dir [/usr/lib64/gcc/x86_64-slackware-linux/7.3.0/../../..]
    arg [CMakeFiles/cmTC_bfc39.dir/CMakeCXXCompilerABI.cpp.o] ==> ignore
    arg [-lstdc++] ==> lib [stdc++]
    arg [-lm] ==> lib [m]
    arg [-lgcc_s] ==> lib [gcc_s]
    arg [-lgcc] ==> lib [gcc]
    arg [-lc] ==> lib [c]
    arg [-lgcc_s] ==> lib [gcc_s]
    arg [-lgcc] ==> lib [gcc]
    arg [/usr/lib64/gcc/x86_64-slackware-linux/7.3.0/crtend.o] ==> ignore
    arg [/usr/lib64/gcc/x86_64-slackware-linux/7.3.0/../../../../lib64/crtn.o] ==> ignore
  collapse library dir [/usr/lib64/gcc/x86_64-slackware-linux/7.3.0] ==> [/usr/lib64/gcc/x86_64-slackware-linux/7.3.0]
  collapse library dir [/usr/lib64/gcc/x86_64-slackware-linux/7.3.0/../../../../lib64] ==> [/usr/lib64]
  collapse library dir [/lib/../lib64] ==> [/lib64]
  collapse library dir [/usr/lib/../lib64] ==> [/usr/lib64]
  collapse library dir [/usr/lib64/gcc/x86_64-slackware-linux/7.3.0/../../..] ==> [/usr/lib64]
  implicit libs: [stdc++;m;gcc_s;gcc;c;gcc_s;gcc]
  implicit dirs: [/usr/lib64/gcc/x86_64-slackware-linux/7.3.0;/usr/lib64;/lib64]
  implicit fwks: []




Detecting CXX [-std=c++1z] compiler features compiled with the following output:
Change Dir: /home/jpce/Projects/krakenapi/CMakeFiles/CMakeTmp

Run Build Command:"/usr/bin/gmake" "cmTC_91b30/fast"
/usr/bin/gmake -f CMakeFiles/cmTC_91b30.dir/build.make CMakeFiles/cmTC_91b30.dir/build
gmake[1]: Entering directory '/home/jpce/Projects/krakenapi/CMakeFiles/CMakeTmp'
Building CXX object CMakeFiles/cmTC_91b30.dir/feature_tests.cxx.o
/usr/bin/c++    -std=c++1z -o CMakeFiles/cmTC_91b30.dir/feature_tests.cxx.o -c /home/jpce/Projects/krakenapi/CMakeFiles/feature_tests.cxx
Linking CXX executable cmTC_91b30
/home/jpce/Downloads/clion-2018.1.2/bin/cmake/bin/cmake -E cmake_link_script CMakeFiles/cmTC_91b30.dir/link.txt --verbose=1
/usr/bin/c++       -rdynamic CMakeFiles/cmTC_91b30.dir/feature_tests.cxx.o  -o cmTC_91b30 
gmake[1]: Leaving directory '/home/jpce/Projects/krakenapi/CMakeFiles/CMakeTmp'


    Feature record: CXX_FEATURE:1cxx_aggregate_default_initializers
    Feature record: CXX_FEATURE:1cxx_alias_templates
    Feature record: CXX_FEATURE:1cxx_alignas
    Feature record: CXX_FEATURE:1cxx_alignof
    Feature record: CXX_FEATURE:1cxx_attributes
    Feature record: CXX_FEATURE:1cxx_attribute_deprecated
    Feature record: CXX_FEATURE:1cxx_auto_type
    Feature record: CXX_FEATURE:1cxx_binary_literals
    Feature record: CXX_FEATURE:1cxx_constexpr
    Feature record: CXX_FEATURE:1cxx_contextual_conversions
    Feature record: CXX_FEATURE:1cxx_decltype
    Feature record: CXX_FEATURE:1cxx_decltype_auto
    Feature record: CXX_FEATURE:1cxx_decltype_incomplete_return_types
    Feature record: CXX_FEATURE:1cxx_default_function_template_args
    Feature record: CXX_FEATURE:1cxx_defaulted_functions
    Feature record: CXX_FEATURE:1cxx_defaulted_move_initializers
    Feature record: CXX_FEATURE:1cxx_delegating_constructors
    Feature record: CXX_FEATURE:1cxx_deleted_functions
    Feature record: CXX_FEATURE:1cxx_digit_separators
    Feature record: CXX_FEATURE:1cxx_enum_forward_declarations
    Feature record: CXX_FEATURE:1cxx_explicit_conversions
    Feature record: CXX_FEATURE:1cxx_extended_friend_declarations
    Feature record: CXX_FEATURE:1cxx_extern_templates
    Feature record: CXX_FEATURE:1cxx_final
    Feature record: CXX_FEATURE:1cxx_func_identifier
    Feature record: CXX_FEATURE:1cxx_generalized_initializers
    Feature record: CXX_FEATURE:1cxx_generic_lambdas
    Feature record: CXX_FEATURE:1cxx_inheriting_constructors
    Feature record: CXX_FEATURE:1cxx_inline_namespaces
    Feature record: CXX_FEATURE:1cxx_lambdas
    Feature record: CXX_FEATURE:1cxx_lambda_init_captures
    Feature record: CXX_FEATURE:1cxx_local_type_template_args
    Feature record: CXX_FEATURE:1cxx_long_long_type
    Feature record: CXX_FEATURE:1cxx_noexcept
    Feature record: CXX_FEATURE:1cxx_nonstatic_member_init
    Feature record: CXX_FEATURE:1cxx_nullptr
    Feature record: CXX_FEATURE:1cxx_override
    Feature record: CXX_FEATURE:1cxx_range_for
    Feature record: CXX_FEATURE:1cxx_raw_string_literals
    Feature record: CXX_FEATURE:1cxx_reference_qualified_functions
    Feature record: CXX_FEATURE:1cxx_relaxed_constexpr
    Feature record: CXX_FEATURE:1cxx_return_type_deduction
    Feature record: CXX_FEATURE:1cxx_right_angle_brackets
    Feature record: CXX_FEATURE:1cxx_rvalue_references
    Feature record: CXX_FEATURE:1cxx_sizeof_member
    Feature record: CXX_FEATURE:1cxx_static_assert
    Feature record: CXX_FEATURE:1cxx_strong_enums
    Feature record: CXX_FEATURE:1cxx_template_template_parameters
    Feature record: CXX_FEATURE:1cxx_thread_local
    Feature record: CXX_FEATURE:1cxx_trailing_return_types
    Feature record: CXX_FEATURE:1cxx_unicode_literals
    Feature record: CXX_FEATURE:1cxx_uniform_initialization
    Feature record: CXX_FEATURE:1cxx_unrestricted_unions
    Feature record: CXX_FEATURE:1cxx_user_literals
    Feature record: CXX_FEATURE:1cxx_variable_templates
    Feature record: CXX_FEATURE:1cxx_variadic_macros
    Feature record: CXX_FEATURE:1cxx_variadic_templates


Detecting CXX [-std=c++14] compiler features compiled with the following output:
Change Dir: /home/jpce/Projects/krakenapi/CMakeFiles/CMakeTmp

Run Build Command:"/usr/bin/gmake" "cmTC_f6b1f/fast"
/usr/bin/gmake -f CMakeFiles/cmTC_f6b1f.dir/build.make CMakeFiles/cmTC_f6b1f.dir/build
gmake[1]: Entering directory '/home/jpce/Projects/krakenapi/CMakeFiles/CMakeTmp'
Building CXX object CMakeFiles/cmTC_f6b1f.dir/feature_tests.cxx.o
/usr/bin/c++    -std=c++14 -o CMakeFiles/cmTC_f6b1f.dir/feature_tests.cxx.o -c /home/jpce/Projects/krakenapi/CMakeFiles/feature_tests.cxx
Linking CXX executable cmTC_f6b1f
/home/jpce/Downloads/clion-2018.1.2/bin/cmake/bin/cmake -E cmake_link_script CMakeFiles/cmTC_f6b1f.dir/link.txt --verbose=1
/usr/bin/c++       -rdynamic CMakeFiles/cmTC_f6b1f.dir/feature_tests.cxx.o  -o cmTC_f6b1f 
gmake[1]: Leaving directory '/home/jpce/Projects/krakenapi/CMakeFiles/CMakeTmp'


    Feature record: CXX_FEATURE:1cxx_aggregate_default_initializers
    Feature record: CXX_FEATURE:1cxx_alias_templates
    Feature record: CXX_FEATURE:1cxx_alignas
    Feature record: CXX_FEATURE:1cxx_alignof
    Feature record: CXX_FEATURE:1cxx_attributes
    Feature record: CXX_FEATURE:1cxx_attribute_deprecated
    Feature record: CXX_FEATURE:1cxx_auto_type
    Feature record: CXX_FEATURE:1cxx_binary_literals
    Feature record: CXX_FEATURE:1cxx_constexpr
    Feature record: CXX_FEATURE:1cxx_contextual_conversions
    Feature record: CXX_FEATURE:1cxx_decltype
    Feature record: CXX_FEATURE:1cxx_decltype_auto
    Feature record: CXX_FEATURE:1cxx_decltype_incomplete_return_types
    Feature record: CXX_FEATURE:1cxx_default_function_template_args
    Feature record: CXX_FEATURE:1cxx_defaulted_functions
    Feature record: CXX_FEATURE:1cxx_defaulted_move_initializers
    Feature record: CXX_FEATURE:1cxx_delegating_constructors
    Feature record: CXX_FEATURE:1cxx_deleted_functions
    Feature record: CXX_FEATURE:1cxx_digit_separators
    Feature record: CXX_FEATURE:1cxx_enum_forward_declarations
    Feature record: CXX_FEATURE:1cxx_explicit_conversions
    Feature record: CXX_FEATURE:1cxx_extended_friend_declarations
    Feature record: CXX_FEATURE:1cxx_extern_templates
    Feature record: CXX_FEATURE:1cxx_final
    Feature record: CXX_FEATURE:1cxx_func_identifier
    Feature record: CXX_FEATURE:1cxx_generalized_initializers
    Feature record: CXX_FEATURE:1cxx_generic_lambdas
    Feature record: CXX_FEATURE:1cxx_inheriting_constructors
    Feature record: CXX_FEATURE:1cxx_inline_namespaces
    Feature record: CXX_FEATURE:1cxx_lambdas
    Feature record: CXX_FEATURE:1cxx_lambda_init_captures
    Feature record: CXX_FEATURE:1cxx_local_type_template_args
    Feature record: CXX_FEATURE:1cxx_long_long_type
    Feature record: CXX_FEATURE:1cxx_noexcept
    Feature record: CXX_FEATURE:1cxx_nonstatic_member_init
    Feature record: CXX_FEATURE:1cxx_nullptr
    Feature record: CXX_FEATURE:1cxx_override
    Feature record: CXX_FEATURE:1cxx_range_for
    Feature record: CXX_FEATURE:1cxx_raw_string_literals
    Feature record: CXX_FEATURE:1cxx_reference_qualified_functions
    Feature record: CXX_FEATURE:1cxx_relaxed_constexpr
    Feature record: CXX_FEATURE:1cxx_return_type_deduction
    Feature record: CXX_FEATURE:1cxx_right_angle_brackets
    Feature record: CXX_FEATURE:1cxx_rvalue_references
    Feature record: CXX_FEATURE:1cxx_sizeof_member
    Feature record: CXX_FEATURE:1cxx_static_assert
    Feature record: CXX_FEATURE:1cxx_strong_enums
    Feature record: CXX_FEATURE:1cxx_template_template_parameters
    Feature record: CXX_FEATURE:1cxx_thread_local
    Feature record: CXX_FEATURE:1cxx_trailing_return_types
    Feature record: CXX_FEATURE:1cxx_unicode_literals
    Feature record: CXX_FEATURE:1cxx_uniform_initialization
    Feature record: CXX_FEATURE:1cxx_unrestricted_unions
    Feature record: CXX_FEATURE:1cxx_user_literals
    Feature record: CXX_FEATURE:1cxx_variable_templates
    Feature record: CXX_FEATURE:1cxx_variadic_macros
    Feature record: CXX_FEATURE:1cxx_variadic_templates


Detecting CXX [-std=c++11] compiler features compiled with the following output:
Change Dir: /home/jpce/Projects/krakenapi/CMakeFiles/CMakeTmp

Run Build Command:"/usr/bin/gmake" "cmTC_53e7f/fast"
/usr/bin/gmake -f CMakeFiles/cmTC_53e7f.dir/build.make CMakeFiles/cmTC_53e7f.dir/build
gmake[1]: Entering directory '/home/jpce/Projects/krakenapi/CMakeFiles/CMakeTmp'
Building CXX object CMakeFiles/cmTC_53e7f.dir/feature_tests.cxx.o
/usr/bin/c++    -std=c++11 -o CMakeFiles/cmTC_53e7f.dir/feature_tests.cxx.o -c /home/jpce/Projects/krakenapi/CMakeFiles/feature_tests.cxx
Linking CXX executable cmTC_53e7f
/home/jpce/Downloads/clion-2018.1.2/bin/cmake/bin/cmake -E cmake_link_script CMakeFiles/cmTC_53e7f.dir/link.txt --verbose=1
/usr/bin/c++       -rdynamic CMakeFiles/cmTC_53e7f.dir/feature_tests.cxx.o  -o cmTC_53e7f 
gmake[1]: Leaving directory '/home/jpce/Projects/krakenapi/CMakeFiles/CMakeTmp'


    Feature record: CXX_FEATURE:0cxx_aggregate_default_initializers
    Feature record: CXX_FEATURE:1cxx_alias_templates
    Feature record: CXX_FEATURE:1cxx_alignas
    Feature record: CXX_FEATURE:1cxx_alignof
    Feature record: CXX_FEATURE:1cxx_attributes
    Feature record: CXX_FEATURE:0cxx_attribute_deprecated
    Feature record: CXX_FEATURE:1cxx_auto_type
    Feature record: CXX_FEATURE:0cxx_binary_literals
    Feature record: CXX_FEATURE:1cxx_constexpr
    Feature record: CXX_FEATURE:0cxx_contextual_conversions
    Feature record: CXX_FEATURE:1cxx_decltype
    Feature record: CXX_FEATURE:0cxx_decltype_auto
    Feature record: CXX_FEATURE:1cxx_decltype_incomplete_return_types
    Feature record: CXX_FEATURE:1cxx_default_function_template_args
    Feature record: CXX_FEATURE:1cxx_defaulted_functions
    Feature record: CXX_FEATURE:1cxx_defaulted_move_initializers
    Feature record: CXX_FEATURE:1cxx_delegating_constructors
    Feature record: CXX_FEATURE:1cxx_deleted_functions
    Feature record: CXX_FEATURE:0cxx_digit_separators
    Feature record: CXX_FEATURE:1cxx_enum_forward_declarations
    Feature record: CXX_FEATURE:1cxx_explicit_conversions
    Feature record: CXX_FEATURE:1cxx_extended_friend_declarations
    Feature record: CXX_FEATURE:1cxx_extern_templates
    Feature record: CXX_FEATURE:1cxx_final
    Feature record: CXX_FEATURE:1cxx_func_identifier
    Feature record: CXX_FEATURE:1cxx_generalized_initializers
    Feature record: CXX_FEATURE:0cxx_generic_lambdas
    Feature record: CXX_FEATURE:1cxx_inheriting_constructors
    Feature record: CXX_FEATURE:1cxx_inline_namespaces
    Feature record: CXX_FEATURE:1cxx_lambdas
    Feature record: CXX_FEATURE:0cxx_lambda_init_captures
    Feature record: CXX_FEATURE:1cxx_local_type_template_args
    Feature record: CXX_FEATURE:1cxx_long_long_type
    Feature record: CXX_FEATURE:1cxx_noexcept
    Feature record: CXX_FEATURE:1cxx_nonstatic_member_init
    Feature record: CXX_FEATURE:1cxx_nullptr
    Feature record: CXX_FEATURE:1cxx_override
    Feature record: CXX_FEATURE:1cxx_range_for
    Feature record: CXX_FEATURE:1cxx_raw_string_literals
    Feature record: CXX_FEATURE:1cxx_reference_qualified_functions
    Feature record: CXX_FEATURE:0cxx_relaxed_constexpr
    Feature record: CXX_FEATURE:0cxx_return_type_deduction
    Feature record: CXX_FEATURE:1cxx_right_angle_brackets
    Feature record: CXX_FEATURE:1cxx_rvalue_references
    Feature record: CXX_FEATURE:1cxx_sizeof_member
    Feature record: CXX_FEATURE:1cxx_static_assert
    Feature record: CXX_FEATURE:1cxx_strong_enums
    Feature record: CXX_FEATURE:1cxx_template_template_parameters
    Feature record: CXX_FEATURE:1cxx_thread_local
    Feature record: CXX_FEATURE:1cxx_trailing_return_types
    Feature record: CXX_FEATURE:1cxx_unicode_literals
    Feature record: CXX_FEATURE:1cxx_uniform_initialization
    Feature record: CXX_FEATURE:1cxx_unrestricted_unions
    Feature record: CXX_FEATURE:1cxx_user_literals
    Feature record: CXX_FEATURE:0cxx_variable_templates
    Feature record: CXX_FEATURE:1cxx_variadic_macros
    Feature record: CXX_FEATURE:1cxx_variadic_templates


Detecting CXX [-std=c++98] compiler features compiled with the following output:
Change Dir: /home/jpce/Projects/krakenapi/CMakeFiles/CMakeTmp

Run Build Command:"/usr/bin/gmake" "cmTC_4fa2e/fast"
/usr/bin/gmake -f CMakeFiles/cmTC_4fa2e.dir/build.make CMakeFiles/cmTC_4fa2e.dir/build
gmake[1]: Entering directory '/home/jpce/Projects/krakenapi/CMakeFiles/CMakeTmp'
Building CXX object CMakeFiles/cmTC_4fa2e.dir/feature_tests.cxx.o
/usr/bin/c++    -std=c++98 -o CMakeFiles/cmTC_4fa2e.dir/feature_tests.cxx.o -c /home/jpce/Projects/krakenapi/CMakeFiles/feature_tests.cxx
Linking CXX executable cmTC_4fa2e
/home/jpce/Downloads/clion-2018.1.2/bin/cmake/bin/cmake -E cmake_link_script CMakeFiles/cmTC_4fa2e.dir/link.txt --verbose=1
/usr/bin/c++       -rdynamic CMakeFiles/cmTC_4fa2e.dir/feature_tests.cxx.o  -o cmTC_4fa2e 
gmake[1]: Leaving directory '/home/jpce/Projects/krakenapi/CMakeFiles/CMakeTmp'


    Feature record: CXX_FEATURE:0cxx_aggregate_default_initializers
    Feature record: CXX_FEATURE:0cxx_alias_templates
    Feature record: CXX_FEATURE:0cxx_alignas
    Feature record: CXX_FEATURE:0cxx_alignof
    Feature record: CXX_FEATURE:0cxx_attributes
    Feature record: CXX_FEATURE:0cxx_attribute_deprecated
    Feature record: CXX_FEATURE:0cxx_auto_type
    Feature record: CXX_FEATURE:0cxx_binary_literals
    Feature record: CXX_FEATURE:0cxx_constexpr
    Feature record: CXX_FEATURE:0cxx_contextual_conversions
    Feature record: CXX_FEATURE:0cxx_decltype
    Feature record: CXX_FEATURE:0cxx_decltype_auto
    Feature record: CXX_FEATURE:0cxx_decltype_incomplete_return_types
    Feature record: CXX_FEATURE:0cxx_default_function_template_args
    Feature record: CXX_FEATURE:0cxx_defaulted_functions
    Feature record: CXX_FEATURE:0cxx_defaulted_move_initializers
    Feature record: CXX_FEATURE:0cxx_delegating_constructors
    Feature record: CXX_FEATURE:0cxx_deleted_functions
    Feature record: CXX_FEATURE:0cxx_digit_separators
    Feature record: CXX_FEATURE:0cxx_enum_forward_declarations
    Feature record: CXX_FEATURE:0cxx_explicit_conversions
    Feature record: CXX_FEATURE:0cxx_extended_friend_declarations
    Feature record: CXX_FEATURE:0cxx_extern_templates
    Feature record: CXX_FEATURE:0cxx_final
    Feature record: CXX_FEATURE:0cxx_func_identifier
    Feature record: CXX_FEATURE:0cxx_generalized_initializers
    Feature record: CXX_FEATURE:0cxx_generic_lambdas
    Feature record: CXX_FEATURE:0cxx_inheriting_constructors
    Feature record: CXX_FEATURE:0cxx_inline_namespaces
    Feature record: CXX_FEATURE:0cxx_lambdas
    Feature record: CXX_FEATURE:0cxx_lambda_init_captures
    Feature record: CXX_FEATURE:0cxx_local_type_template_args
    Feature record: CXX_FEATURE:0cxx_long_long_type
    Feature record: CXX_FEATURE:0cxx_noexcept
    Feature record: CXX_FEATURE:0cxx_nonstatic_member_init
    Feature record: CXX_FEATURE:0cxx_nullptr
    Feature record: CXX_FEATURE:0cxx_override
    Feature record: CXX_FEATURE:0cxx_range_for
    Feature record: CXX_FEATURE:0cxx_raw_string_literals
    Feature record: CXX_FEATURE:0cxx_reference_qualified_functions
    Feature record: CXX_FEATURE:0cxx_relaxed_constexpr
    Feature record: CXX_FEATURE:0cxx_return_type_deduction
    Feature record: CXX_FEATURE:0cxx_right_angle_brackets
    Feature record: CXX_FEATURE:0cxx_rvalue_references
    Feature record: CXX_FEATURE:0cxx_sizeof_member
    Feature record: CXX_FEATURE:0cxx_static_assert
    Feature record: CXX_FEATURE:0cxx_strong_enums
    Feature record: CXX_FEATURE:1cxx_template_template_parameters
    Feature record: CXX_FEATURE:0cxx_thread_local
    Feature record: CXX_FEATURE:0cxx_trailing_return_types
    Feature record: CXX_FEATURE:0cxx_unicode_literals
    Feature record: CXX_FEATURE:0cxx_uniform_initialization
    Feature record: CXX_FEATURE:0cxx_unrestricted_unions
    Feature record: CXX_FEATURE:0cxx_user_literals
    Feature record: CXX_FEATURE:0cxx_variable_templates
    Feature record: CXX_FEATURE:0cxx_variadic_macros
    Feature record: CXX_FEATURE:0cxx_variadic_templates
